{"synthetic": false,
 "schemaVersion": "2025-09-10",
 "outputs":
 {"o": ["466382067b941241.olean"],
  "i": "3695a75fea50b629.ilean",
  "c": "98175c0d2c52731c.c"},
 "log":
 [{"message":
   ".> LEAN_PATH=/content/repo/.lake/packages/Cli/.lake/build/lib/lean:/content/repo/.lake/packages/batteries/.lake/build/lib/lean:/content/repo/.lake/packages/Qq/.lake/build/lib/lean:/content/repo/.lake/packages/aesop/.lake/build/lib/lean:/content/repo/.lake/packages/proofwidgets/.lake/build/lib/lean:/content/repo/.lake/packages/importGraph/.lake/build/lib/lean:/content/repo/.lake/packages/LeanSearchClient/.lake/build/lib/lean:/content/repo/.lake/packages/plausible/.lake/build/lib/lean:/content/repo/.lake/packages/mathlib/.lake/build/lib/lean:/content/repo/.lake/build/lib/lean /root/.elan/toolchains/leanprover--lean4---v4.29.0-rc6/bin/lean /content/repo/YangMills/P7_SpectralGap/ActionBound.lean -o /content/repo/.lake/build/lib/lean/YangMills/P7_SpectralGap/ActionBound.olean -i /content/repo/.lake/build/lib/lean/YangMills/P7_SpectralGap/ActionBound.ilean -c /content/repo/.lake/build/ir/YangMills/P7_SpectralGap/ActionBound.c --setup /content/repo/.lake/build/ir/YangMills/P7_SpectralGap/ActionBound.setup.json --json",
   "level": "trace"},
  {"message":
   "YangMills/P7_SpectralGap/ActionBound.lean:16:0: automatically included section variable(s) unused in theorem `YangMills.plaquetteEnergy_bounded_above`:\n  [Group G]\n  [MeasurableSpace G]\nconsider restructuring your `variable` declarations so that the variables are not in scope or explicitly omit them:\n  omit [Group G] [MeasurableSpace G] in theorem ...\n\nNote: This linter can be disabled with `set_option linter.unusedSectionVars false`",
   "level": "warning"}],
 "inputs":
 [["YangMills.P7_SpectralGap.ActionBound:deps",
   [["deps",
     [["YangMills/YangMills:extraDep",
       [["@YangMills:extraDep", "00000000000006bb"]]],
      ["imports",
       [["Mathlib transitive imports (legacy)", "7a3af43bd648dbee"],
        ["Mathlib:importAllArts", "4aa2e4f9918fd2f2"],
        ["YangMills.P7_SpectralGap.TransferMatrixGap transitive imports (legacy)",
         "955f78c9177b61e0"],
        ["YangMills.P7_SpectralGap.TransferMatrixGap:importAllArts",
         "d6182886c29a5409"]]]]],
    ["libs",
     [["import dynlibs", "00000000000006bb"],
      ["package external libraries", "00000000000006bb"],
      ["module dynlibs", "00000000000006bb"],
      ["module plugins", "00000000000006bb"]]]]],
  ["Lean 4.29.0, commit 00659f8e6071d7e46131ed643bf8003b99b044e9",
   "d4ef66a63896cd60"],
  ["/content/repo/YangMills/P7_SpectralGap/ActionBound.lean",
   "d1209d956c76344e"],
  ["options", "00000000000006bb"],
  ["isModule: false", "feefd2a0d3a1847e"],
  ["Module.name: YangMills.P7_SpectralGap.ActionBound", "91bffd955ee6a6b7"],
  ["Package.id?: (some YangMills)", "bb149b95168538d5"],
  ["Module.leanArgs: #[]", "00000000000006bb"]],
 "depHash": "8b272069437d6afc"}