{"synthetic": false,
 "schemaVersion": "2025-09-10",
 "outputs":
 {"o": ["dcfadbac29574fec.olean"],
  "i": "05dab1bb574d7661.ilean",
  "c": "b4a427ef83da32a9.c"},
 "log":
 [{"message":
   ".> LEAN_PATH=/content/THE-ERIKSSON-PROGRAMME/.lake/packages/Cli/.lake/build/lib/lean:/content/THE-ERIKSSON-PROGRAMME/.lake/packages/batteries/.lake/build/lib/lean:/content/THE-ERIKSSON-PROGRAMME/.lake/packages/Qq/.lake/build/lib/lean:/content/THE-ERIKSSON-PROGRAMME/.lake/packages/aesop/.lake/build/lib/lean:/content/THE-ERIKSSON-PROGRAMME/.lake/packages/proofwidgets/.lake/build/lib/lean:/content/THE-ERIKSSON-PROGRAMME/.lake/packages/importGraph/.lake/build/lib/lean:/content/THE-ERIKSSON-PROGRAMME/.lake/packages/LeanSearchClient/.lake/build/lib/lean:/content/THE-ERIKSSON-PROGRAMME/.lake/packages/plausible/.lake/build/lib/lean:/content/THE-ERIKSSON-PROGRAMME/.lake/packages/mathlib/.lake/build/lib/lean:/content/THE-ERIKSSON-PROGRAMME/.lake/build/lib/lean /root/.elan/toolchains/leanprover--lean4---v4.29.0-rc6/bin/lean /content/THE-ERIKSSON-PROGRAMME/YangMills/P7_SpectralGap/Phase7Assembly.lean -o /content/THE-ERIKSSON-PROGRAMME/.lake/build/lib/lean/YangMills/P7_SpectralGap/Phase7Assembly.olean -i /content/THE-ERIKSSON-PROGRAMME/.lake/build/lib/lean/YangMills/P7_SpectralGap/Phase7Assembly.ilean -c /content/THE-ERIKSSON-PROGRAMME/.lake/build/ir/YangMills/P7_SpectralGap/Phase7Assembly.c --setup /content/THE-ERIKSSON-PROGRAMME/.lake/build/ir/YangMills/P7_SpectralGap/Phase7Assembly.setup.json --json",
   "level": "trace"}],
 "inputs":
 [["YangMills.P7_SpectralGap.Phase7Assembly:deps",
   [["deps",
     [["YangMills/YangMills:extraDep",
       [["@YangMills:extraDep", "00000000000006bb"]]],
      ["imports",
       [["Mathlib transitive imports (legacy)", "00f202dff5f0ba80"],
        ["Mathlib:importAllArts", "5f5aa85696b12d33"],
        ["YangMills.P7_SpectralGap.MassBound transitive imports (legacy)",
         "5b3a00b041351808"],
        ["YangMills.P7_SpectralGap.MassBound:importAllArts",
         "75299fe42b5dd058"]]]]],
    ["libs",
     [["import dynlibs", "00000000000006bb"],
      ["package external libraries", "00000000000006bb"],
      ["module dynlibs", "00000000000006bb"],
      ["module plugins", "00000000000006bb"]]]]],
  ["Lean 4.29.0, commit 00659f8e6071d7e46131ed643bf8003b99b044e9",
   "d4ef66a63896cd60"],
  ["/content/THE-ERIKSSON-PROGRAMME/YangMills/P7_SpectralGap/Phase7Assembly.lean",
   "1865590d4c59201b"],
  ["options", "00000000000006bb"],
  ["isModule: false", "feefd2a0d3a1847e"],
  ["Module.name: YangMills.P7_SpectralGap.Phase7Assembly", "44a2fb674e3e5332"],
  ["Package.id?: (some YangMills)", "bb149b95168538d5"],
  ["Module.leanArgs: #[]", "00000000000006bb"]],
 "depHash": "ac7a1ea9ab86cea5"}