{"synthetic": false,
 "schemaVersion": "2025-09-10",
 "outputs":
 {"o": ["a2c9a9e566bd2b16.olean"],
  "i": "08063b99c30ea0a7.ilean",
  "c": "069bf7b8c6cddfce.c"},
 "log":
 [{"message":
   ".> LEAN_PATH=/content/repo/.lake/packages/Cli/.lake/build/lib/lean:/content/repo/.lake/packages/batteries/.lake/build/lib/lean:/content/repo/.lake/packages/Qq/.lake/build/lib/lean:/content/repo/.lake/packages/aesop/.lake/build/lib/lean:/content/repo/.lake/packages/proofwidgets/.lake/build/lib/lean:/content/repo/.lake/packages/importGraph/.lake/build/lib/lean:/content/repo/.lake/packages/LeanSearchClient/.lake/build/lib/lean:/content/repo/.lake/packages/plausible/.lake/build/lib/lean:/content/repo/.lake/packages/mathlib/.lake/build/lib/lean:/content/repo/.lake/build/lib/lean /root/.elan/toolchains/leanprover--lean4---v4.29.0-rc6/bin/lean /content/repo/YangMills/P7_SpectralGap/TransferMatrixGap.lean -o /content/repo/.lake/build/lib/lean/YangMills/P7_SpectralGap/TransferMatrixGap.olean -i /content/repo/.lake/build/lib/lean/YangMills/P7_SpectralGap/TransferMatrixGap.ilean -c /content/repo/.lake/build/ir/YangMills/P7_SpectralGap/TransferMatrixGap.c --setup /content/repo/.lake/build/ir/YangMills/P7_SpectralGap/TransferMatrixGap.setup.json --json",
   "level": "trace"},
  {"message":
   "YangMills/P7_SpectralGap/TransferMatrixGap.lean:23:0: automatically included section variable(s) unused in theorem `YangMills.transferKernel_lowerBound`:\n  [MeasurableSpace G]\nconsider restructuring your `variable` declarations so that the variables are not in scope or explicitly omit them:\n  omit [MeasurableSpace G] in theorem ...\n\nNote: This linter can be disabled with `set_option linter.unusedSectionVars false`",
   "level": "warning"},
  {"message":
   "YangMills/P7_SpectralGap/TransferMatrixGap.lean:26:19: unused variable `hSb`\n\nNote: This linter can be disabled with `set_option linter.unusedVariables false`",
   "level": "warning"},
  {"message":
   "YangMills/P7_SpectralGap/TransferMatrixGap.lean:62:39: unused variable `hβ`\n\nNote: This linter can be disabled with `set_option linter.unusedVariables false`",
   "level": "warning"},
  {"message":
   "YangMills/P7_SpectralGap/TransferMatrixGap.lean:63:19: unused variable `hSb`\n\nNote: This linter can be disabled with `set_option linter.unusedVariables false`",
   "level": "warning"},
  {"message":
   "YangMills/P7_SpectralGap/TransferMatrixGap.lean:64:5: unused variable `hS`\n\nNote: This linter can be disabled with `set_option linter.unusedVariables false`",
   "level": "warning"},
  {"message":
   "YangMills/P7_SpectralGap/TransferMatrixGap.lean:80:5: unused variable `hβ`\n\nNote: This linter can be disabled with `set_option linter.unusedVariables false`",
   "level": "warning"},
  {"message":
   "YangMills/P7_SpectralGap/TransferMatrixGap.lean:80:39: unused variable `hSb`\n\nNote: This linter can be disabled with `set_option linter.unusedVariables false`",
   "level": "warning"},
  {"message":
   "YangMills/P7_SpectralGap/TransferMatrixGap.lean:81:5: unused variable `hS`\n\nNote: This linter can be disabled with `set_option linter.unusedVariables false`",
   "level": "warning"}],
 "inputs":
 [["YangMills.P7_SpectralGap.TransferMatrixGap:deps",
   [["deps",
     [["YangMills/YangMills:extraDep",
       [["@YangMills:extraDep", "00000000000006bb"]]],
      ["imports",
       [["Mathlib transitive imports (legacy)", "7a3af43bd648dbee"],
        ["Mathlib:importAllArts", "4aa2e4f9918fd2f2"],
        ["YangMills.P5_KPDecay.KPTerminalBound transitive imports (legacy)",
         "66c9d26315f243c6"],
        ["YangMills.P5_KPDecay.KPTerminalBound:importAllArts",
         "cb52a8a7b804a8c9"]]]]],
    ["libs",
     [["import dynlibs", "00000000000006bb"],
      ["package external libraries", "00000000000006bb"],
      ["module dynlibs", "00000000000006bb"],
      ["module plugins", "00000000000006bb"]]]]],
  ["Lean 4.29.0, commit 00659f8e6071d7e46131ed643bf8003b99b044e9",
   "d4ef66a63896cd60"],
  ["/content/repo/YangMills/P7_SpectralGap/TransferMatrixGap.lean",
   "5c8bcaaba0aa786c"],
  ["options", "00000000000006bb"],
  ["isModule: false", "feefd2a0d3a1847e"],
  ["Module.name: YangMills.P7_SpectralGap.TransferMatrixGap",
   "2563c59b527fccc7"],
  ["Package.id?: (some YangMills)", "bb149b95168538d5"],
  ["Module.leanArgs: #[]", "00000000000006bb"]],
 "depHash": "35edc25ef0236765"}