{"synthetic": false,
 "schemaVersion": "2025-09-10",
 "outputs":
 {"o": ["7c1ebb914847a5d9.olean"],
  "i": "4d20432410e87a45.ilean",
  "c": "1843eb39f7a3b46b.c"},
 "log":
 [{"message":
   ".> LEAN_PATH=/content/THE-ERIKSSON-PROGRAMME/.lake/packages/Cli/.lake/build/lib/lean:/content/THE-ERIKSSON-PROGRAMME/.lake/packages/batteries/.lake/build/lib/lean:/content/THE-ERIKSSON-PROGRAMME/.lake/packages/Qq/.lake/build/lib/lean:/content/THE-ERIKSSON-PROGRAMME/.lake/packages/aesop/.lake/build/lib/lean:/content/THE-ERIKSSON-PROGRAMME/.lake/packages/proofwidgets/.lake/build/lib/lean:/content/THE-ERIKSSON-PROGRAMME/.lake/packages/importGraph/.lake/build/lib/lean:/content/THE-ERIKSSON-PROGRAMME/.lake/packages/LeanSearchClient/.lake/build/lib/lean:/content/THE-ERIKSSON-PROGRAMME/.lake/packages/plausible/.lake/build/lib/lean:/content/THE-ERIKSSON-PROGRAMME/.lake/packages/mathlib/.lake/build/lib/lean:/content/THE-ERIKSSON-PROGRAMME/.lake/build/lib/lean /root/.elan/toolchains/leanprover--lean4---v4.29.0-rc6/bin/lean /content/THE-ERIKSSON-PROGRAMME/YangMills/P7_SpectralGap/WilsonDistanceBridge.lean -o /content/THE-ERIKSSON-PROGRAMME/.lake/build/lib/lean/YangMills/P7_SpectralGap/WilsonDistanceBridge.olean -i /content/THE-ERIKSSON-PROGRAMME/.lake/build/lib/lean/YangMills/P7_SpectralGap/WilsonDistanceBridge.ilean -c /content/THE-ERIKSSON-PROGRAMME/.lake/build/ir/YangMills/P7_SpectralGap/WilsonDistanceBridge.c --setup /content/THE-ERIKSSON-PROGRAMME/.lake/build/ir/YangMills/P7_SpectralGap/WilsonDistanceBridge.setup.json --json",
   "level": "trace"}],
 "inputs":
 [["YangMills.P7_SpectralGap.WilsonDistanceBridge:deps",
   [["deps",
     [["YangMills/YangMills:extraDep",
       [["@YangMills:extraDep", "00000000000006bb"]]],
      ["imports",
       [["Mathlib transitive imports (legacy)", "00f202dff5f0ba80"],
        ["Mathlib:importAllArts", "5f5aa85696b12d33"],
        ["YangMills.P7_SpectralGap.ActionBound transitive imports (legacy)",
         "a68a8f08215e4100"],
        ["YangMills.P7_SpectralGap.ActionBound:importAllArts",
         "76e3b0c6dc8abd60"]]]]],
    ["libs",
     [["import dynlibs", "00000000000006bb"],
      ["package external libraries", "00000000000006bb"],
      ["module dynlibs", "00000000000006bb"],
      ["module plugins", "00000000000006bb"]]]]],
  ["Lean 4.29.0, commit 00659f8e6071d7e46131ed643bf8003b99b044e9",
   "d4ef66a63896cd60"],
  ["/content/THE-ERIKSSON-PROGRAMME/YangMills/P7_SpectralGap/WilsonDistanceBridge.lean",
   "7d887a3fcfcaf2f1"],
  ["options", "00000000000006bb"],
  ["isModule: false", "feefd2a0d3a1847e"],
  ["Module.name: YangMills.P7_SpectralGap.WilsonDistanceBridge",
   "6ec61202f923565c"],
  ["Package.id?: (some YangMills)", "bb149b95168538d5"],
  ["Module.leanArgs: #[]", "00000000000006bb"]],
 "depHash": "045ff66c8e50c8b0"}