{"synthetic": false,
 "schemaVersion": "2025-09-10",
 "outputs":
 {"o": ["22fe392417d01f44.olean"],
  "i": "637fac454fa85f22.ilean",
  "c": "eb3e304ea03e634a.c"},
 "log":
 [{"message":
   ".> LEAN_PATH=/content/repo/.lake/packages/Cli/.lake/build/lib/lean:/content/repo/.lake/packages/batteries/.lake/build/lib/lean:/content/repo/.lake/packages/Qq/.lake/build/lib/lean:/content/repo/.lake/packages/aesop/.lake/build/lib/lean:/content/repo/.lake/packages/proofwidgets/.lake/build/lib/lean:/content/repo/.lake/packages/importGraph/.lake/build/lib/lean:/content/repo/.lake/packages/LeanSearchClient/.lake/build/lib/lean:/content/repo/.lake/packages/plausible/.lake/build/lib/lean:/content/repo/.lake/packages/mathlib/.lake/build/lib/lean:/content/repo/.lake/build/lib/lean /root/.elan/toolchains/leanprover--lean4---v4.29.0-rc6/bin/lean /content/repo/YangMills/P4_Continuum/ContinuumBridge.lean -o /content/repo/.lake/build/lib/lean/YangMills/P4_Continuum/ContinuumBridge.olean -i /content/repo/.lake/build/lib/lean/YangMills/P4_Continuum/ContinuumBridge.ilean -c /content/repo/.lake/build/ir/YangMills/P4_Continuum/ContinuumBridge.c --setup /content/repo/.lake/build/ir/YangMills/P4_Continuum/ContinuumBridge.setup.json --json",
   "level": "trace"}],
 "inputs":
 [["YangMills.P4_Continuum.ContinuumBridge:deps",
   [["deps",
     [["YangMills/YangMills:extraDep",
       [["@YangMills:extraDep", "00000000000006bb"]]],
      ["imports",
       [["Mathlib transitive imports (legacy)", "7a3af43bd648dbee"],
        ["Mathlib:importAllArts", "4aa2e4f9918fd2f2"],
        ["YangMills.P3_BalabanRG.Phase3Assembly transitive imports (legacy)",
         "5ba2b9083ae2d7d7"],
        ["YangMills.P3_BalabanRG.Phase3Assembly:importAllArts",
         "4fefd96193590723"],
        ["YangMills.L7_Continuum.ContinuumLimit transitive imports (legacy)",
         "e912de494621dedf"],
        ["YangMills.L7_Continuum.ContinuumLimit:importAllArts",
         "7d1e35aa48c8a56c"],
        ["YangMills.L8_Terminal.ClayTheorem transitive imports (legacy)",
         "73294683850e47fd"],
        ["YangMills.L8_Terminal.ClayTheorem:importAllArts",
         "93c9a331a471d1f5"]]]]],
    ["libs",
     [["import dynlibs", "00000000000006bb"],
      ["package external libraries", "00000000000006bb"],
      ["module dynlibs", "00000000000006bb"],
      ["module plugins", "00000000000006bb"]]]]],
  ["Lean 4.29.0, commit 00659f8e6071d7e46131ed643bf8003b99b044e9",
   "d4ef66a63896cd60"],
  ["/content/repo/YangMills/P4_Continuum/ContinuumBridge.lean",
   "08c49a08165fb2c1"],
  ["options", "00000000000006bb"],
  ["isModule: false", "feefd2a0d3a1847e"],
  ["Module.name: YangMills.P4_Continuum.ContinuumBridge", "b4e2a2668aecc9e7"],
  ["Package.id?: (some YangMills)", "bb149b95168538d5"],
  ["Module.leanArgs: #[]", "00000000000006bb"]],
 "depHash": "c467373287460eb1"}