{"synthetic": false,
 "schemaVersion": "2025-09-10",
 "outputs":
 {"o": ["89824a999c851f53.olean"],
  "i": "a94d50599f853c42.ilean",
  "c": "8fc6122bfbfbd83d.c"},
 "log":
 [{"message":
   ".> LEAN_PATH=/content/repo/.lake/packages/Cli/.lake/build/lib/lean:/content/repo/.lake/packages/batteries/.lake/build/lib/lean:/content/repo/.lake/packages/Qq/.lake/build/lib/lean:/content/repo/.lake/packages/aesop/.lake/build/lib/lean:/content/repo/.lake/packages/proofwidgets/.lake/build/lib/lean:/content/repo/.lake/packages/importGraph/.lake/build/lib/lean:/content/repo/.lake/packages/LeanSearchClient/.lake/build/lib/lean:/content/repo/.lake/packages/plausible/.lake/build/lib/lean:/content/repo/.lake/packages/mathlib/.lake/build/lib/lean:/content/repo/.lake/build/lib/lean /root/.elan/toolchains/leanprover--lean4---v4.29.0-rc6/bin/lean /content/repo/YangMills/P4_Continuum/Phase4Assembly.lean -o /content/repo/.lake/build/lib/lean/YangMills/P4_Continuum/Phase4Assembly.olean -i /content/repo/.lake/build/lib/lean/YangMills/P4_Continuum/Phase4Assembly.ilean -c /content/repo/.lake/build/ir/YangMills/P4_Continuum/Phase4Assembly.c --setup /content/repo/.lake/build/ir/YangMills/P4_Continuum/Phase4Assembly.setup.json --json",
   "level": "trace"}],
 "inputs":
 [["YangMills.P4_Continuum.Phase4Assembly:deps",
   [["deps",
     [["YangMills/YangMills:extraDep",
       [["@YangMills:extraDep", "00000000000006bb"]]],
      ["imports",
       [["Mathlib transitive imports (legacy)", "7a3af43bd648dbee"],
        ["Mathlib:importAllArts", "4aa2e4f9918fd2f2"],
        ["YangMills.P4_Continuum.ContinuumBridge transitive imports (legacy)",
         "a93390889c5bfe9a"],
        ["YangMills.P4_Continuum.ContinuumBridge:importAllArts",
         "ee950ac5f696fe13"]]]]],
    ["libs",
     [["import dynlibs", "00000000000006bb"],
      ["package external libraries", "00000000000006bb"],
      ["module dynlibs", "00000000000006bb"],
      ["module plugins", "00000000000006bb"]]]]],
  ["Lean 4.29.0, commit 00659f8e6071d7e46131ed643bf8003b99b044e9",
   "d4ef66a63896cd60"],
  ["/content/repo/YangMills/P4_Continuum/Phase4Assembly.lean",
   "a9ef41182198ef82"],
  ["options", "00000000000006bb"],
  ["isModule: false", "feefd2a0d3a1847e"],
  ["Module.name: YangMills.P4_Continuum.Phase4Assembly", "865deb07b60c9399"],
  ["Package.id?: (some YangMills)", "bb149b95168538d5"],
  ["Module.leanArgs: #[]", "00000000000006bb"]],
 "depHash": "fbe1f89896d4a54d"}