{"synthetic": false,
 "schemaVersion": "2025-09-10",
 "outputs":
 {"o": ["e70ba9496f6cf667.olean"],
  "i": "2b56506821f4bc4d.ilean",
  "c": "0b395bef50bb5f72.c"},
 "log":
 [{"message":
   ".> LEAN_PATH=/content/THE-ERIKSSON-PROGRAMME/.lake/packages/Cli/.lake/build/lib/lean:/content/THE-ERIKSSON-PROGRAMME/.lake/packages/batteries/.lake/build/lib/lean:/content/THE-ERIKSSON-PROGRAMME/.lake/packages/Qq/.lake/build/lib/lean:/content/THE-ERIKSSON-PROGRAMME/.lake/packages/aesop/.lake/build/lib/lean:/content/THE-ERIKSSON-PROGRAMME/.lake/packages/proofwidgets/.lake/build/lib/lean:/content/THE-ERIKSSON-PROGRAMME/.lake/packages/importGraph/.lake/build/lib/lean:/content/THE-ERIKSSON-PROGRAMME/.lake/packages/LeanSearchClient/.lake/build/lib/lean:/content/THE-ERIKSSON-PROGRAMME/.lake/packages/plausible/.lake/build/lib/lean:/content/THE-ERIKSSON-PROGRAMME/.lake/packages/mathlib/.lake/build/lib/lean:/content/THE-ERIKSSON-PROGRAMME/.lake/build/lib/lean /root/.elan/toolchains/leanprover--lean4---v4.29.0-rc6/bin/lean /content/THE-ERIKSSON-PROGRAMME/YangMills/P5_KPDecay/BalabanBootstrap.lean -o /content/THE-ERIKSSON-PROGRAMME/.lake/build/lib/lean/YangMills/P5_KPDecay/BalabanBootstrap.olean -i /content/THE-ERIKSSON-PROGRAMME/.lake/build/lib/lean/YangMills/P5_KPDecay/BalabanBootstrap.ilean -c /content/THE-ERIKSSON-PROGRAMME/.lake/build/ir/YangMills/P5_KPDecay/BalabanBootstrap.c --setup /content/THE-ERIKSSON-PROGRAMME/.lake/build/ir/YangMills/P5_KPDecay/BalabanBootstrap.setup.json --json",
   "level": "trace"},
  {"message":
   "YangMills/P5_KPDecay/BalabanBootstrap.lean:35:14: unused variable `hdm`\n\nNote: This linter can be disabled with `set_option linter.unusedVariables false`",
   "level": "warning"},
  {"message":
   "YangMills/P5_KPDecay/BalabanBootstrap.lean:37:5: unused variable `hinc`\n\nNote: This linter can be disabled with `set_option linter.unusedVariables false`",
   "level": "warning"}],
 "inputs":
 [["YangMills.P5_KPDecay.BalabanBootstrap:deps",
   [["deps",
     [["YangMills/YangMills:extraDep",
       [["@YangMills:extraDep", "00000000000006bb"]]],
      ["imports",
       [["Mathlib transitive imports (legacy)", "00f202dff5f0ba80"],
        ["Mathlib:importAllArts", "5f5aa85696b12d33"],
        ["YangMills.P3_BalabanRG.Phase3Assembly transitive imports (legacy)",
         "d00ae1c724a9e905"],
        ["YangMills.P3_BalabanRG.Phase3Assembly:importAllArts",
         "4fefd96193590723"],
        ["YangMills.P5_KPDecay.KPHypotheses transitive imports (legacy)",
         "cc69ba3193881903"],
        ["YangMills.P5_KPDecay.KPHypotheses:importAllArts",
         "f23663e44181d53c"]]]]],
    ["libs",
     [["import dynlibs", "00000000000006bb"],
      ["package external libraries", "00000000000006bb"],
      ["module dynlibs", "00000000000006bb"],
      ["module plugins", "00000000000006bb"]]]]],
  ["Lean 4.29.0, commit 00659f8e6071d7e46131ed643bf8003b99b044e9",
   "d4ef66a63896cd60"],
  ["/content/THE-ERIKSSON-PROGRAMME/YangMills/P5_KPDecay/BalabanBootstrap.lean",
   "5a177d935947be17"],
  ["options", "00000000000006bb"],
  ["isModule: false", "feefd2a0d3a1847e"],
  ["Module.name: YangMills.P5_KPDecay.BalabanBootstrap", "7815f676518b8bac"],
  ["Package.id?: (some YangMills)", "bb149b95168538d5"],
  ["Module.leanArgs: #[]", "00000000000006bb"]],
 "depHash": "b8c5ae27857aa24f"}