{"synthetic": false,
 "schemaVersion": "2025-09-10",
 "outputs":
 {"o": ["6bf31aa5b6e9801a.olean"],
  "i": "6db0257a59719bb7.ilean",
  "c": "dc16e2c0f2792b3a.c"},
 "log":
 [{"message":
   ".> LEAN_PATH=/content/THE-ERIKSSON-PROGRAMME/.lake/packages/Cli/.lake/build/lib/lean:/content/THE-ERIKSSON-PROGRAMME/.lake/packages/batteries/.lake/build/lib/lean:/content/THE-ERIKSSON-PROGRAMME/.lake/packages/Qq/.lake/build/lib/lean:/content/THE-ERIKSSON-PROGRAMME/.lake/packages/aesop/.lake/build/lib/lean:/content/THE-ERIKSSON-PROGRAMME/.lake/packages/proofwidgets/.lake/build/lib/lean:/content/THE-ERIKSSON-PROGRAMME/.lake/packages/importGraph/.lake/build/lib/lean:/content/THE-ERIKSSON-PROGRAMME/.lake/packages/LeanSearchClient/.lake/build/lib/lean:/content/THE-ERIKSSON-PROGRAMME/.lake/packages/plausible/.lake/build/lib/lean:/content/THE-ERIKSSON-PROGRAMME/.lake/packages/mathlib/.lake/build/lib/lean:/content/THE-ERIKSSON-PROGRAMME/.lake/build/lib/lean /root/.elan/toolchains/leanprover--lean4---v4.29.0-rc6/bin/lean /content/THE-ERIKSSON-PROGRAMME/YangMills/P5_KPDecay/DecayFromRG.lean -o /content/THE-ERIKSSON-PROGRAMME/.lake/build/lib/lean/YangMills/P5_KPDecay/DecayFromRG.olean -i /content/THE-ERIKSSON-PROGRAMME/.lake/build/lib/lean/YangMills/P5_KPDecay/DecayFromRG.ilean -c /content/THE-ERIKSSON-PROGRAMME/.lake/build/ir/YangMills/P5_KPDecay/DecayFromRG.c --setup /content/THE-ERIKSSON-PROGRAMME/.lake/build/ir/YangMills/P5_KPDecay/DecayFromRG.setup.json --json",
   "level": "trace"},
  {"message":
   "YangMills/P5_KPDecay/DecayFromRG.lean:82:5: unused variable `hH1`\n\nNote: This linter can be disabled with `set_option linter.unusedVariables false`",
   "level": "warning"},
  {"message":
   "YangMills/P5_KPDecay/DecayFromRG.lean:83:5: unused variable `hH2`\n\nNote: This linter can be disabled with `set_option linter.unusedVariables false`",
   "level": "warning"},
  {"message":
   "YangMills/P5_KPDecay/DecayFromRG.lean:84:5: unused variable `hH3`\n\nNote: This linter can be disabled with `set_option linter.unusedVariables false`",
   "level": "warning"}],
 "inputs":
 [["YangMills.P5_KPDecay.DecayFromRG:deps",
   [["deps",
     [["YangMills/YangMills:extraDep",
       [["@YangMills:extraDep", "00000000000006bb"]]],
      ["imports",
       [["Mathlib transitive imports (legacy)", "00f202dff5f0ba80"],
        ["Mathlib:importAllArts", "5f5aa85696b12d33"],
        ["YangMills.P5_KPDecay.BalabanBootstrap transitive imports (legacy)",
         "96572fc5a0b1dd22"],
        ["YangMills.P5_KPDecay.BalabanBootstrap:importAllArts",
         "dc2295f33861839a"]]]]],
    ["libs",
     [["import dynlibs", "00000000000006bb"],
      ["package external libraries", "00000000000006bb"],
      ["module dynlibs", "00000000000006bb"],
      ["module plugins", "00000000000006bb"]]]]],
  ["Lean 4.29.0, commit 00659f8e6071d7e46131ed643bf8003b99b044e9",
   "d4ef66a63896cd60"],
  ["/content/THE-ERIKSSON-PROGRAMME/YangMills/P5_KPDecay/DecayFromRG.lean",
   "7d4586a611e4d344"],
  ["options", "00000000000006bb"],
  ["isModule: false", "feefd2a0d3a1847e"],
  ["Module.name: YangMills.P5_KPDecay.DecayFromRG", "0574917575587f0c"],
  ["Package.id?: (some YangMills)", "bb149b95168538d5"],
  ["Module.leanArgs: #[]", "00000000000006bb"]],
 "depHash": "2136fdfd241f2024"}