{"synthetic": false,
 "schemaVersion": "2025-09-10",
 "outputs":
 {"o": ["f9838e0ecea572f3.olean"],
  "i": "3d2e518c7be5bf8d.ilean",
  "c": "b6d382a5534f4aa1.c"},
 "log":
 [{"message":
   ".> LEAN_PATH=/content/repo/.lake/packages/Cli/.lake/build/lib/lean:/content/repo/.lake/packages/batteries/.lake/build/lib/lean:/content/repo/.lake/packages/Qq/.lake/build/lib/lean:/content/repo/.lake/packages/aesop/.lake/build/lib/lean:/content/repo/.lake/packages/proofwidgets/.lake/build/lib/lean:/content/repo/.lake/packages/importGraph/.lake/build/lib/lean:/content/repo/.lake/packages/LeanSearchClient/.lake/build/lib/lean:/content/repo/.lake/packages/plausible/.lake/build/lib/lean:/content/repo/.lake/packages/mathlib/.lake/build/lib/lean:/content/repo/.lake/build/lib/lean /root/.elan/toolchains/leanprover--lean4---v4.29.0-rc6/bin/lean /content/repo/YangMills/P5_KPDecay/KPTerminalBound.lean -o /content/repo/.lake/build/lib/lean/YangMills/P5_KPDecay/KPTerminalBound.olean -i /content/repo/.lake/build/lib/lean/YangMills/P5_KPDecay/KPTerminalBound.ilean -c /content/repo/.lake/build/ir/YangMills/P5_KPDecay/KPTerminalBound.c --setup /content/repo/.lake/build/ir/YangMills/P5_KPDecay/KPTerminalBound.setup.json --json",
   "level": "trace"}],
 "inputs":
 [["YangMills.P5_KPDecay.KPTerminalBound:deps",
   [["deps",
     [["YangMills/YangMills:extraDep",
       [["@YangMills:extraDep", "00000000000006bb"]]],
      ["imports",
       [["Mathlib transitive imports (legacy)", "7a3af43bd648dbee"],
        ["Mathlib:importAllArts", "4aa2e4f9918fd2f2"],
        ["YangMills.P6_AsymptoticFreedom.AsymptoticFreedomDischarge transitive imports (legacy)",
         "3e3961557dc965b8"],
        ["YangMills.P6_AsymptoticFreedom.AsymptoticFreedomDischarge:importAllArts",
         "186946f45df42365"]]]]],
    ["libs",
     [["import dynlibs", "00000000000006bb"],
      ["package external libraries", "00000000000006bb"],
      ["module dynlibs", "00000000000006bb"],
      ["module plugins", "00000000000006bb"]]]]],
  ["Lean 4.29.0, commit 00659f8e6071d7e46131ed643bf8003b99b044e9",
   "d4ef66a63896cd60"],
  ["/content/repo/YangMills/P5_KPDecay/KPTerminalBound.lean",
   "ae062545707b4761"],
  ["options", "00000000000006bb"],
  ["isModule: false", "feefd2a0d3a1847e"],
  ["Module.name: YangMills.P5_KPDecay.KPTerminalBound", "82623ed6b5fea307"],
  ["Package.id?: (some YangMills)", "bb149b95168538d5"],
  ["Module.leanArgs: #[]", "00000000000006bb"]],
 "depHash": "d91b45815cd95abb"}