{"synthetic": false,
 "schemaVersion": "2025-09-10",
 "outputs":
 {"o": ["9fc031fcb52fbe53.olean"],
  "i": "4a75457b2a2b050f.ilean",
  "c": "849e00abe3cad8ff.c"},
 "log":
 [{"message":
   ".> LEAN_PATH=/content/THE-ERIKSSON-PROGRAMME/.lake/packages/Cli/.lake/build/lib/lean:/content/THE-ERIKSSON-PROGRAMME/.lake/packages/batteries/.lake/build/lib/lean:/content/THE-ERIKSSON-PROGRAMME/.lake/packages/Qq/.lake/build/lib/lean:/content/THE-ERIKSSON-PROGRAMME/.lake/packages/aesop/.lake/build/lib/lean:/content/THE-ERIKSSON-PROGRAMME/.lake/packages/proofwidgets/.lake/build/lib/lean:/content/THE-ERIKSSON-PROGRAMME/.lake/packages/importGraph/.lake/build/lib/lean:/content/THE-ERIKSSON-PROGRAMME/.lake/packages/LeanSearchClient/.lake/build/lib/lean:/content/THE-ERIKSSON-PROGRAMME/.lake/packages/plausible/.lake/build/lib/lean:/content/THE-ERIKSSON-PROGRAMME/.lake/packages/mathlib/.lake/build/lib/lean:/content/THE-ERIKSSON-PROGRAMME/.lake/build/lib/lean /root/.elan/toolchains/leanprover--lean4---v4.29.0-rc6/bin/lean /content/THE-ERIKSSON-PROGRAMME/YangMills/L2_Balaban/RGFlow.lean -o /content/THE-ERIKSSON-PROGRAMME/.lake/build/lib/lean/YangMills/L2_Balaban/RGFlow.olean -i /content/THE-ERIKSSON-PROGRAMME/.lake/build/lib/lean/YangMills/L2_Balaban/RGFlow.ilean -c /content/THE-ERIKSSON-PROGRAMME/.lake/build/ir/YangMills/L2_Balaban/RGFlow.c --setup /content/THE-ERIKSSON-PROGRAMME/.lake/build/ir/YangMills/L2_Balaban/RGFlow.setup.json --json",
   "level": "trace"}],
 "inputs":
 [["YangMills.L2_Balaban.RGFlow:deps",
   [["deps",
     [["YangMills/YangMills:extraDep",
       [["@YangMills:extraDep", "00000000000006bb"]]],
      ["imports",
       [["Mathlib transitive imports (legacy)", "00f202dff5f0ba80"],
        ["Mathlib:importAllArts", "5f5aa85696b12d33"],
        ["YangMills.L0_Lattice.FiniteLattice transitive imports (legacy)",
         "c1a928e29132ce3c"],
        ["YangMills.L0_Lattice.FiniteLattice:importAllArts",
         "22c3380cb9b112e8"],
        ["YangMills.L0_Lattice.GaugeConfigurations transitive imports (legacy)",
         "3f26e802b16bb043"],
        ["YangMills.L0_Lattice.GaugeConfigurations:importAllArts",
         "83caaba0f6b328d5"],
        ["YangMills.L0_Lattice.WilsonAction transitive imports (legacy)",
         "92577a8bcf7bb5a6"],
        ["YangMills.L0_Lattice.WilsonAction:importAllArts", "1a7fbfed5416a1bf"],
        ["YangMills.L1_GibbsMeasure.GibbsMeasure transitive imports (legacy)",
         "406ac970876107e9"],
        ["YangMills.L1_GibbsMeasure.GibbsMeasure:importAllArts",
         "2a6fe0481a550973"],
        ["YangMills.L2_Balaban.SmallLargeDecomposition transitive imports (legacy)",
         "76e7b32631b9c246"],
        ["YangMills.L2_Balaban.SmallLargeDecomposition:importAllArts",
         "05605de49754a1da"],
        ["YangMills.L2_Balaban.Measurability transitive imports (legacy)",
         "c3d68f0d73dbdaf3"],
        ["YangMills.L2_Balaban.Measurability:importAllArts",
         "ff870e7d4eff45bf"]]]]],
    ["libs",
     [["import dynlibs", "00000000000006bb"],
      ["package external libraries", "00000000000006bb"],
      ["module dynlibs", "00000000000006bb"],
      ["module plugins", "00000000000006bb"]]]]],
  ["Lean 4.29.0, commit 00659f8e6071d7e46131ed643bf8003b99b044e9",
   "d4ef66a63896cd60"],
  ["/content/THE-ERIKSSON-PROGRAMME/YangMills/L2_Balaban/RGFlow.lean",
   "938d6c5007268b1b"],
  ["options", "00000000000006bb"],
  ["isModule: false", "feefd2a0d3a1847e"],
  ["Module.name: YangMills.L2_Balaban.RGFlow", "167dc5993b6f1f2e"],
  ["Package.id?: (some YangMills)", "bb149b95168538d5"],
  ["Module.leanArgs: #[]", "00000000000006bb"]],
 "depHash": "04281a46aba60c46"}