{"synthetic": false,
 "schemaVersion": "2025-09-10",
 "outputs":
 {"o": ["2ba9a719e99c973d.olean"],
  "i": "7445cd368f0d9bf9.ilean",
  "c": "59b77a858b7e5844.c"},
 "log":
 [{"message":
   ".> LEAN_PATH=/content/THE-ERIKSSON-PROGRAMME/.lake/packages/Cli/.lake/build/lib/lean:/content/THE-ERIKSSON-PROGRAMME/.lake/packages/batteries/.lake/build/lib/lean:/content/THE-ERIKSSON-PROGRAMME/.lake/packages/Qq/.lake/build/lib/lean:/content/THE-ERIKSSON-PROGRAMME/.lake/packages/aesop/.lake/build/lib/lean:/content/THE-ERIKSSON-PROGRAMME/.lake/packages/proofwidgets/.lake/build/lib/lean:/content/THE-ERIKSSON-PROGRAMME/.lake/packages/importGraph/.lake/build/lib/lean:/content/THE-ERIKSSON-PROGRAMME/.lake/packages/LeanSearchClient/.lake/build/lib/lean:/content/THE-ERIKSSON-PROGRAMME/.lake/packages/plausible/.lake/build/lib/lean:/content/THE-ERIKSSON-PROGRAMME/.lake/packages/mathlib/.lake/build/lib/lean:/content/THE-ERIKSSON-PROGRAMME/.lake/build/lib/lean /root/.elan/toolchains/leanprover--lean4---v4.29.0-rc6/bin/lean /content/THE-ERIKSSON-PROGRAMME/YangMills/L2_Balaban/SmallLargeDecomposition.lean -o /content/THE-ERIKSSON-PROGRAMME/.lake/build/lib/lean/YangMills/L2_Balaban/SmallLargeDecomposition.olean -i /content/THE-ERIKSSON-PROGRAMME/.lake/build/lib/lean/YangMills/L2_Balaban/SmallLargeDecomposition.ilean -c /content/THE-ERIKSSON-PROGRAMME/.lake/build/ir/YangMills/L2_Balaban/SmallLargeDecomposition.c --setup /content/THE-ERIKSSON-PROGRAMME/.lake/build/ir/YangMills/L2_Balaban/SmallLargeDecomposition.setup.json --json",
   "level": "trace"}],
 "inputs":
 [["YangMills.L2_Balaban.SmallLargeDecomposition:deps",
   [["deps",
     [["YangMills/YangMills:extraDep",
       [["@YangMills:extraDep", "00000000000006bb"]]],
      ["imports",
       [["Mathlib transitive imports (legacy)", "00f202dff5f0ba80"],
        ["Mathlib:importAllArts", "5f5aa85696b12d33"],
        ["YangMills.L0_Lattice.FiniteLattice transitive imports (legacy)",
         "c1a928e29132ce3c"],
        ["YangMills.L0_Lattice.FiniteLattice:importAllArts",
         "22c3380cb9b112e8"],
        ["YangMills.L0_Lattice.GaugeConfigurations transitive imports (legacy)",
         "3f26e802b16bb043"],
        ["YangMills.L0_Lattice.GaugeConfigurations:importAllArts",
         "83caaba0f6b328d5"],
        ["YangMills.L0_Lattice.WilsonAction transitive imports (legacy)",
         "92577a8bcf7bb5a6"],
        ["YangMills.L0_Lattice.WilsonAction:importAllArts", "1a7fbfed5416a1bf"],
        ["YangMills.L1_GibbsMeasure.GibbsMeasure transitive imports (legacy)",
         "406ac970876107e9"],
        ["YangMills.L1_GibbsMeasure.GibbsMeasure:importAllArts",
         "2a6fe0481a550973"]]]]],
    ["libs",
     [["import dynlibs", "00000000000006bb"],
      ["package external libraries", "00000000000006bb"],
      ["module dynlibs", "00000000000006bb"],
      ["module plugins", "00000000000006bb"]]]]],
  ["Lean 4.29.0, commit 00659f8e6071d7e46131ed643bf8003b99b044e9",
   "d4ef66a63896cd60"],
  ["/content/THE-ERIKSSON-PROGRAMME/YangMills/L2_Balaban/SmallLargeDecomposition.lean",
   "3d63d014c8e7a898"],
  ["options", "00000000000006bb"],
  ["isModule: false", "feefd2a0d3a1847e"],
  ["Module.name: YangMills.L2_Balaban.SmallLargeDecomposition",
   "4b39ac3b5ff9ce52"],
  ["Package.id?: (some YangMills)", "bb149b95168538d5"],
  ["Module.leanArgs: #[]", "00000000000006bb"]],
 "depHash": "3c4c66239e5423c4"}