{"synthetic": false,
 "schemaVersion": "2025-09-10",
 "outputs":
 {"o": ["b3f3b23d6f904e9e.olean"],
  "i": "ff3ad7e015195c0d.ilean",
  "c": "7c7acb45ceae4b6c.c"},
 "log":
 [{"message":
   ".> LEAN_PATH=/content/THE-ERIKSSON-PROGRAMME/.lake/packages/Cli/.lake/build/lib/lean:/content/THE-ERIKSSON-PROGRAMME/.lake/packages/batteries/.lake/build/lib/lean:/content/THE-ERIKSSON-PROGRAMME/.lake/packages/Qq/.lake/build/lib/lean:/content/THE-ERIKSSON-PROGRAMME/.lake/packages/aesop/.lake/build/lib/lean:/content/THE-ERIKSSON-PROGRAMME/.lake/packages/proofwidgets/.lake/build/lib/lean:/content/THE-ERIKSSON-PROGRAMME/.lake/packages/importGraph/.lake/build/lib/lean:/content/THE-ERIKSSON-PROGRAMME/.lake/packages/LeanSearchClient/.lake/build/lib/lean:/content/THE-ERIKSSON-PROGRAMME/.lake/packages/plausible/.lake/build/lib/lean:/content/THE-ERIKSSON-PROGRAMME/.lake/packages/mathlib/.lake/build/lib/lean:/content/THE-ERIKSSON-PROGRAMME/.lake/build/lib/lean /root/.elan/toolchains/leanprover--lean4---v4.29.0-rc6/bin/lean /content/THE-ERIKSSON-PROGRAMME/YangMills/L4_WilsonLoops/WilsonLoop.lean -o /content/THE-ERIKSSON-PROGRAMME/.lake/build/lib/lean/YangMills/L4_WilsonLoops/WilsonLoop.olean -i /content/THE-ERIKSSON-PROGRAMME/.lake/build/lib/lean/YangMills/L4_WilsonLoops/WilsonLoop.ilean -c /content/THE-ERIKSSON-PROGRAMME/.lake/build/ir/YangMills/L4_WilsonLoops/WilsonLoop.c --setup /content/THE-ERIKSSON-PROGRAMME/.lake/build/ir/YangMills/L4_WilsonLoops/WilsonLoop.setup.json --json",
   "level": "trace"},
  {"message":
   "YangMills/L4_WilsonLoops/WilsonLoop.lean:32:0: automatically included section variable(s) unused in theorem `YangMills.plaquetteWilsonObs_gaugeInvariant`:\n  [MeasurableSpace G]\nconsider restructuring your `variable` declarations so that the variables are not in scope or explicitly omit them:\n  omit [MeasurableSpace G] in theorem ...\n\nNote: This linter can be disabled with `set_option linter.unusedSectionVars false`",
   "level": "warning"},
  {"message":
   "YangMills/L4_WilsonLoops/WilsonLoop.lean:86:15: unused variable `hm`\n\nNote: This linter can be disabled with `set_option linter.unusedVariables false`",
   "level": "warning"},
  {"message":
   "YangMills/L4_WilsonLoops/WilsonLoop.lean:86:28: unused variable `hC`\n\nNote: This linter can be disabled with `set_option linter.unusedVariables false`",
   "level": "warning"}],
 "inputs":
 [["YangMills.L4_WilsonLoops.WilsonLoop:deps",
   [["deps",
     [["YangMills/YangMills:extraDep",
       [["@YangMills:extraDep", "00000000000006bb"]]],
      ["imports",
       [["Mathlib transitive imports (legacy)", "00f202dff5f0ba80"],
        ["Mathlib:importAllArts", "5f5aa85696b12d33"],
        ["YangMills.L0_Lattice.WilsonAction transitive imports (legacy)",
         "92577a8bcf7bb5a6"],
        ["YangMills.L0_Lattice.WilsonAction:importAllArts", "1a7fbfed5416a1bf"],
        ["YangMills.L1_GibbsMeasure.Expectation transitive imports (legacy)",
         "28f00cba42998afa"],
        ["YangMills.L1_GibbsMeasure.Expectation:importAllArts",
         "f63f67bbe0883e86"],
        ["YangMills.L1_GibbsMeasure.Correlations transitive imports (legacy)",
         "5a5888b59ade8fa2"],
        ["YangMills.L1_GibbsMeasure.Correlations:importAllArts",
         "e722e639f8030986"]]]]],
    ["libs",
     [["import dynlibs", "00000000000006bb"],
      ["package external libraries", "00000000000006bb"],
      ["module dynlibs", "00000000000006bb"],
      ["module plugins", "00000000000006bb"]]]]],
  ["Lean 4.29.0, commit 00659f8e6071d7e46131ed643bf8003b99b044e9",
   "d4ef66a63896cd60"],
  ["/content/THE-ERIKSSON-PROGRAMME/YangMills/L4_WilsonLoops/WilsonLoop.lean",
   "e36780f6be43a378"],
  ["options", "00000000000006bb"],
  ["isModule: false", "feefd2a0d3a1847e"],
  ["Module.name: YangMills.L4_WilsonLoops.WilsonLoop", "22668e25a1816384"],
  ["Package.id?: (some YangMills)", "bb149b95168538d5"],
  ["Module.leanArgs: #[]", "00000000000006bb"]],
 "depHash": "61199f25dffaf014"}