{"synthetic": false,
 "schemaVersion": "2025-09-10",
 "outputs":
 {"o": ["065d0408b72ec612.olean"],
  "i": "7f780c7b0edcb8ea.ilean",
  "c": "11dba2ae12406061.c"},
 "log":
 [{"message":
   ".> LEAN_PATH=/content/THE-ERIKSSON-PROGRAMME/.lake/packages/Cli/.lake/build/lib/lean:/content/THE-ERIKSSON-PROGRAMME/.lake/packages/batteries/.lake/build/lib/lean:/content/THE-ERIKSSON-PROGRAMME/.lake/packages/Qq/.lake/build/lib/lean:/content/THE-ERIKSSON-PROGRAMME/.lake/packages/aesop/.lake/build/lib/lean:/content/THE-ERIKSSON-PROGRAMME/.lake/packages/proofwidgets/.lake/build/lib/lean:/content/THE-ERIKSSON-PROGRAMME/.lake/packages/importGraph/.lake/build/lib/lean:/content/THE-ERIKSSON-PROGRAMME/.lake/packages/LeanSearchClient/.lake/build/lib/lean:/content/THE-ERIKSSON-PROGRAMME/.lake/packages/plausible/.lake/build/lib/lean:/content/THE-ERIKSSON-PROGRAMME/.lake/packages/mathlib/.lake/build/lib/lean:/content/THE-ERIKSSON-PROGRAMME/.lake/build/lib/lean /root/.elan/toolchains/leanprover--lean4---v4.29.0-rc6/bin/lean /content/THE-ERIKSSON-PROGRAMME/YangMills/P8_PhysicalGap/BalabanToLSI.lean -o /content/THE-ERIKSSON-PROGRAMME/.lake/build/lib/lean/YangMills/P8_PhysicalGap/BalabanToLSI.olean -i /content/THE-ERIKSSON-PROGRAMME/.lake/build/lib/lean/YangMills/P8_PhysicalGap/BalabanToLSI.ilean -c /content/THE-ERIKSSON-PROGRAMME/.lake/build/ir/YangMills/P8_PhysicalGap/BalabanToLSI.c --setup /content/THE-ERIKSSON-PROGRAMME/.lake/build/ir/YangMills/P8_PhysicalGap/BalabanToLSI.setup.json --json",
   "level": "trace"}],
 "inputs":
 [["YangMills.P8_PhysicalGap.BalabanToLSI:deps",
   [["deps",
     [["YangMills/YangMills:extraDep",
       [["@YangMills:extraDep", "00000000000006bb"]]],
      ["imports",
       [["Mathlib transitive imports (legacy)", "00f202dff5f0ba80"],
        ["Mathlib:importAllArts", "5f5aa85696b12d33"],
        ["YangMills.P8_PhysicalGap.LSItoSpectralGap transitive imports (legacy)",
         "ec867542d9b2c8c9"],
        ["YangMills.P8_PhysicalGap.LSItoSpectralGap:importAllArts",
         "fe53a5e52a1a6b12"],
        ["YangMills.L0_Lattice.WilsonAction transitive imports (legacy)",
         "92577a8bcf7bb5a6"],
        ["YangMills.L0_Lattice.WilsonAction:importAllArts",
         "1a7fbfed5416a1bf"]]]]],
    ["libs",
     [["import dynlibs", "00000000000006bb"],
      ["package external libraries", "00000000000006bb"],
      ["module dynlibs", "00000000000006bb"],
      ["module plugins", "00000000000006bb"]]]]],
  ["Lean 4.29.0, commit 00659f8e6071d7e46131ed643bf8003b99b044e9",
   "d4ef66a63896cd60"],
  ["/content/THE-ERIKSSON-PROGRAMME/YangMills/P8_PhysicalGap/BalabanToLSI.lean",
   "e5d94a3b4e01893e"],
  ["options", "00000000000006bb"],
  ["isModule: false", "feefd2a0d3a1847e"],
  ["Module.name: YangMills.P8_PhysicalGap.BalabanToLSI", "074b03036103831b"],
  ["Package.id?: (some YangMills)", "bb149b95168538d5"],
  ["Module.leanArgs: #[]", "00000000000006bb"]],
 "depHash": "7b3313921639397a"}