{"synthetic": false,
 "schemaVersion": "2025-09-10",
 "outputs":
 {"o": ["f129511fcdd419c3.olean"],
  "i": "b849c00bbc990659.ilean",
  "c": "7dc150039c706b42.c"},
 "log":
 [{"message":
   ".> LEAN_PATH=/content/THE-ERIKSSON-PROGRAMME/.lake/packages/Cli/.lake/build/lib/lean:/content/THE-ERIKSSON-PROGRAMME/.lake/packages/batteries/.lake/build/lib/lean:/content/THE-ERIKSSON-PROGRAMME/.lake/packages/Qq/.lake/build/lib/lean:/content/THE-ERIKSSON-PROGRAMME/.lake/packages/aesop/.lake/build/lib/lean:/content/THE-ERIKSSON-PROGRAMME/.lake/packages/proofwidgets/.lake/build/lib/lean:/content/THE-ERIKSSON-PROGRAMME/.lake/packages/importGraph/.lake/build/lib/lean:/content/THE-ERIKSSON-PROGRAMME/.lake/packages/LeanSearchClient/.lake/build/lib/lean:/content/THE-ERIKSSON-PROGRAMME/.lake/packages/plausible/.lake/build/lib/lean:/content/THE-ERIKSSON-PROGRAMME/.lake/packages/mathlib/.lake/build/lib/lean:/content/THE-ERIKSSON-PROGRAMME/.lake/build/lib/lean /root/.elan/toolchains/leanprover--lean4---v4.29.0-rc6/bin/lean /content/THE-ERIKSSON-PROGRAMME/YangMills/P8_PhysicalGap/FeynmanKacBridge.lean -o /content/THE-ERIKSSON-PROGRAMME/.lake/build/lib/lean/YangMills/P8_PhysicalGap/FeynmanKacBridge.olean -i /content/THE-ERIKSSON-PROGRAMME/.lake/build/lib/lean/YangMills/P8_PhysicalGap/FeynmanKacBridge.ilean -c /content/THE-ERIKSSON-PROGRAMME/.lake/build/ir/YangMills/P8_PhysicalGap/FeynmanKacBridge.c --setup /content/THE-ERIKSSON-PROGRAMME/.lake/build/ir/YangMills/P8_PhysicalGap/FeynmanKacBridge.setup.json --json",
   "level": "trace"},
  {"message":
   "YangMills/P8_PhysicalGap/FeynmanKacBridge.lean:31:0: automatically included section variable(s) unused in theorem `YangMills.feynmanKac_hbound`:\n  [TopologicalSpace G]\n  [CompactSpace G]\n  [CompleteSpace H]\nconsider restructuring your `variable` declarations so that the variables are not in scope or explicitly omit them:\n  omit [TopologicalSpace G] [CompactSpace G] [CompleteSpace H] in theorem ...\n\nNote: This linter can be disabled with `set_option linter.unusedSectionVars false`",
   "level": "warning"},
  {"message":
   "YangMills/P8_PhysicalGap/FeynmanKacBridge.lean:93:5: unused variable `hC_ψ`\n\nNote: This linter can be disabled with `set_option linter.unusedVariables false`",
   "level": "warning"}],
 "inputs":
 [["YangMills.P8_PhysicalGap.FeynmanKacBridge:deps",
   [["deps",
     [["YangMills/YangMills:extraDep",
       [["@YangMills:extraDep", "00000000000006bb"]]],
      ["imports",
       [["Mathlib transitive imports (legacy)", "00f202dff5f0ba80"],
        ["Mathlib:importAllArts", "5f5aa85696b12d33"],
        ["YangMills.L4_WilsonLoops.WilsonLoop transitive imports (legacy)",
         "3849259fb2e217ad"],
        ["YangMills.L4_WilsonLoops.WilsonLoop:importAllArts",
         "5a8c9443d289909e"],
        ["YangMills.L4_TransferMatrix.TransferMatrix transitive imports (legacy)",
         "41bab83ac508e6d5"],
        ["YangMills.L4_TransferMatrix.TransferMatrix:importAllArts",
         "88383bac84968879"],
        ["YangMills.L5_MassGap.MassGap transitive imports (legacy)",
         "cdcc3f8e577b8377"],
        ["YangMills.L5_MassGap.MassGap:importAllArts", "b5effb92b9154742"],
        ["YangMills.P7_SpectralGap.Phase7Assembly transitive imports (legacy)",
         "d6e66166bac811e6"],
        ["YangMills.P7_SpectralGap.Phase7Assembly:importAllArts",
         "445e7f04772aeeec"],
        ["YangMills.P8_PhysicalGap.LSItoSpectralGap transitive imports (legacy)",
         "ec867542d9b2c8c9"],
        ["YangMills.P8_PhysicalGap.LSItoSpectralGap:importAllArts",
         "4844a7520921a0fe"]]]]],
    ["libs",
     [["import dynlibs", "00000000000006bb"],
      ["package external libraries", "00000000000006bb"],
      ["module dynlibs", "00000000000006bb"],
      ["module plugins", "00000000000006bb"]]]]],
  ["Lean 4.29.0, commit 00659f8e6071d7e46131ed643bf8003b99b044e9",
   "d4ef66a63896cd60"],
  ["/content/THE-ERIKSSON-PROGRAMME/YangMills/P8_PhysicalGap/FeynmanKacBridge.lean",
   "319f2b7f0ff3ebab"],
  ["options", "00000000000006bb"],
  ["isModule: false", "feefd2a0d3a1847e"],
  ["Module.name: YangMills.P8_PhysicalGap.FeynmanKacBridge",
   "d1ec50a1a15a9ccd"],
  ["Package.id?: (some YangMills)", "bb149b95168538d5"],
  ["Module.leanArgs: #[]", "00000000000006bb"]],
 "depHash": "980e6c7f70e5c7ea"}