{"synthetic": false,
 "schemaVersion": "2025-09-10",
 "outputs":
 {"o": ["8bc808d45397b9c6.olean"],
  "i": "438ebf004bd02331.ilean",
  "c": "64274a9c1bcbc463.c"},
 "log":
 [{"message":
   ".> LEAN_PATH=/content/THE-ERIKSSON-PROGRAMME/.lake/packages/Cli/.lake/build/lib/lean:/content/THE-ERIKSSON-PROGRAMME/.lake/packages/batteries/.lake/build/lib/lean:/content/THE-ERIKSSON-PROGRAMME/.lake/packages/Qq/.lake/build/lib/lean:/content/THE-ERIKSSON-PROGRAMME/.lake/packages/aesop/.lake/build/lib/lean:/content/THE-ERIKSSON-PROGRAMME/.lake/packages/proofwidgets/.lake/build/lib/lean:/content/THE-ERIKSSON-PROGRAMME/.lake/packages/importGraph/.lake/build/lib/lean:/content/THE-ERIKSSON-PROGRAMME/.lake/packages/LeanSearchClient/.lake/build/lib/lean:/content/THE-ERIKSSON-PROGRAMME/.lake/packages/plausible/.lake/build/lib/lean:/content/THE-ERIKSSON-PROGRAMME/.lake/packages/mathlib/.lake/build/lib/lean:/content/THE-ERIKSSON-PROGRAMME/.lake/build/lib/lean /root/.elan/toolchains/leanprover--lean4---v4.29.0-rc6/bin/lean /content/THE-ERIKSSON-PROGRAMME/YangMills/P8_PhysicalGap/LSItoSpectralGap.lean -o /content/THE-ERIKSSON-PROGRAMME/.lake/build/lib/lean/YangMills/P8_PhysicalGap/LSItoSpectralGap.olean -i /content/THE-ERIKSSON-PROGRAMME/.lake/build/lib/lean/YangMills/P8_PhysicalGap/LSItoSpectralGap.ilean -c /content/THE-ERIKSSON-PROGRAMME/.lake/build/ir/YangMills/P8_PhysicalGap/LSItoSpectralGap.c --setup /content/THE-ERIKSSON-PROGRAMME/.lake/build/ir/YangMills/P8_PhysicalGap/LSItoSpectralGap.setup.json --json",
   "level": "trace"},
  {"message":
   "YangMills/P8_PhysicalGap/LSItoSpectralGap.lean:10:39: unused variable `μ`\n\nNote: This linter can be disabled with `set_option linter.unusedVariables false`",
   "level": "warning"},
  {"message":
   "YangMills/P8_PhysicalGap/LSItoSpectralGap.lean:135:8: declaration uses `sorry`",
   "level": "warning"}],
 "inputs":
 [["YangMills.P8_PhysicalGap.LSItoSpectralGap:deps",
   [["deps",
     [["YangMills/YangMills:extraDep",
       [["@YangMills:extraDep", "00000000000006bb"]]],
      ["imports",
       [["Mathlib transitive imports (legacy)", "00f202dff5f0ba80"],
        ["Mathlib:importAllArts", "5f5aa85696b12d33"],
        ["YangMills.L4_TransferMatrix.TransferMatrix transitive imports (legacy)",
         "41bab83ac508e6d5"],
        ["YangMills.L4_TransferMatrix.TransferMatrix:importAllArts",
         "88383bac84968879"]]]]],
    ["libs",
     [["import dynlibs", "00000000000006bb"],
      ["package external libraries", "00000000000006bb"],
      ["module dynlibs", "00000000000006bb"],
      ["module plugins", "00000000000006bb"]]]]],
  ["Lean 4.29.0, commit 00659f8e6071d7e46131ed643bf8003b99b044e9",
   "d4ef66a63896cd60"],
  ["/content/THE-ERIKSSON-PROGRAMME/YangMills/P8_PhysicalGap/LSItoSpectralGap.lean",
   "3bbbfff7c9667434"],
  ["options", "00000000000006bb"],
  ["isModule: false", "feefd2a0d3a1847e"],
  ["Module.name: YangMills.P8_PhysicalGap.LSItoSpectralGap",
   "563ec11d473b32d7"],
  ["Package.id?: (some YangMills)", "bb149b95168538d5"],
  ["Module.leanArgs: #[]", "00000000000006bb"]],
 "depHash": "feeee29a0f42b60f"}