{"synthetic": false,
 "schemaVersion": "2025-09-10",
 "outputs":
 {"o": ["fb04457dcd784ed6.olean"],
  "i": "104f2cffc61c1199.ilean",
  "c": "90974ef550502662.c"},
 "log":
 [{"message":
   ".> LEAN_PATH=/content/THE-ERIKSSON-PROGRAMME/.lake/packages/Cli/.lake/build/lib/lean:/content/THE-ERIKSSON-PROGRAMME/.lake/packages/batteries/.lake/build/lib/lean:/content/THE-ERIKSSON-PROGRAMME/.lake/packages/Qq/.lake/build/lib/lean:/content/THE-ERIKSSON-PROGRAMME/.lake/packages/aesop/.lake/build/lib/lean:/content/THE-ERIKSSON-PROGRAMME/.lake/packages/proofwidgets/.lake/build/lib/lean:/content/THE-ERIKSSON-PROGRAMME/.lake/packages/importGraph/.lake/build/lib/lean:/content/THE-ERIKSSON-PROGRAMME/.lake/packages/LeanSearchClient/.lake/build/lib/lean:/content/THE-ERIKSSON-PROGRAMME/.lake/packages/plausible/.lake/build/lib/lean:/content/THE-ERIKSSON-PROGRAMME/.lake/packages/mathlib/.lake/build/lib/lean:/content/THE-ERIKSSON-PROGRAMME/.lake/build/lib/lean /root/.elan/toolchains/leanprover--lean4---v4.29.0-rc6/bin/lean /content/THE-ERIKSSON-PROGRAMME/YangMills/P8_PhysicalGap/PhysicalMassGap.lean -o /content/THE-ERIKSSON-PROGRAMME/.lake/build/lib/lean/YangMills/P8_PhysicalGap/PhysicalMassGap.olean -i /content/THE-ERIKSSON-PROGRAMME/.lake/build/lib/lean/YangMills/P8_PhysicalGap/PhysicalMassGap.ilean -c /content/THE-ERIKSSON-PROGRAMME/.lake/build/ir/YangMills/P8_PhysicalGap/PhysicalMassGap.c --setup /content/THE-ERIKSSON-PROGRAMME/.lake/build/ir/YangMills/P8_PhysicalGap/PhysicalMassGap.setup.json --json",
   "level": "trace"},
  {"message":
   "YangMills/P8_PhysicalGap/PhysicalMassGap.lean:11:17: unused variable `hN_c`\n\nNote: This linter can be disabled with `set_option linter.unusedVariables false`",
   "level": "warning"},
  {"message":
   "YangMills/P8_PhysicalGap/PhysicalMassGap.lean:11:45: unused variable `hβ`\n\nNote: This linter can be disabled with `set_option linter.unusedVariables false`",
   "level": "warning"},
  {"message":
   "YangMills/P8_PhysicalGap/PhysicalMassGap.lean:11:59: unused variable `hβ₀`\n\nNote: This linter can be disabled with `set_option linter.unusedVariables false`",
   "level": "warning"}],
 "inputs":
 [["YangMills.P8_PhysicalGap.PhysicalMassGap:deps",
   [["deps",
     [["YangMills/YangMills:extraDep",
       [["@YangMills:extraDep", "00000000000006bb"]]],
      ["imports",
       [["Mathlib transitive imports (legacy)", "00f202dff5f0ba80"],
        ["Mathlib:importAllArts", "5f5aa85696b12d33"],
        ["YangMills.P8_PhysicalGap.FeynmanKacBridge transitive imports (legacy)",
         "761e8686b691505a"],
        ["YangMills.P8_PhysicalGap.FeynmanKacBridge:importAllArts",
         "3b04814bbf05de40"],
        ["YangMills.P8_PhysicalGap.BalabanToLSI transitive imports (legacy)",
         "906aeaa8074728a2"],
        ["YangMills.P8_PhysicalGap.BalabanToLSI:importAllArts",
         "e646e2a795f7400f"]]]]],
    ["libs",
     [["import dynlibs", "00000000000006bb"],
      ["package external libraries", "00000000000006bb"],
      ["module dynlibs", "00000000000006bb"],
      ["module plugins", "00000000000006bb"]]]]],
  ["Lean 4.29.0, commit 00659f8e6071d7e46131ed643bf8003b99b044e9",
   "d4ef66a63896cd60"],
  ["/content/THE-ERIKSSON-PROGRAMME/YangMills/P8_PhysicalGap/PhysicalMassGap.lean",
   "38f750eb1262cde3"],
  ["options", "00000000000006bb"],
  ["isModule: false", "feefd2a0d3a1847e"],
  ["Module.name: YangMills.P8_PhysicalGap.PhysicalMassGap", "cf54a59b3b27a9e4"],
  ["Package.id?: (some YangMills)", "bb149b95168538d5"],
  ["Module.leanArgs: #[]", "00000000000006bb"]],
 "depHash": "83c1fff37351827e"}