{"synthetic": false,
 "schemaVersion": "2025-09-10",
 "outputs":
 {"o": ["69ef9ed091df83ab.olean"],
  "i": "6a3ce6b1e234f804.ilean",
  "c": "f3d241cee14ac597.c"},
 "log":
 [{"message":
   ".> LEAN_PATH=/content/THE-ERIKSSON-PROGRAMME/.lake/packages/Cli/.lake/build/lib/lean:/content/THE-ERIKSSON-PROGRAMME/.lake/packages/batteries/.lake/build/lib/lean:/content/THE-ERIKSSON-PROGRAMME/.lake/packages/Qq/.lake/build/lib/lean:/content/THE-ERIKSSON-PROGRAMME/.lake/packages/aesop/.lake/build/lib/lean:/content/THE-ERIKSSON-PROGRAMME/.lake/packages/proofwidgets/.lake/build/lib/lean:/content/THE-ERIKSSON-PROGRAMME/.lake/packages/importGraph/.lake/build/lib/lean:/content/THE-ERIKSSON-PROGRAMME/.lake/packages/LeanSearchClient/.lake/build/lib/lean:/content/THE-ERIKSSON-PROGRAMME/.lake/packages/plausible/.lake/build/lib/lean:/content/THE-ERIKSSON-PROGRAMME/.lake/packages/mathlib/.lake/build/lib/lean:/content/THE-ERIKSSON-PROGRAMME/.lake/build/lib/lean /root/.elan/toolchains/leanprover--lean4---v4.29.0-rc6/bin/lean /content/THE-ERIKSSON-PROGRAMME/YangMills/P8_PhysicalGap/RicciSUN.lean -o /content/THE-ERIKSSON-PROGRAMME/.lake/build/lib/lean/YangMills/P8_PhysicalGap/RicciSUN.olean -i /content/THE-ERIKSSON-PROGRAMME/.lake/build/lib/lean/YangMills/P8_PhysicalGap/RicciSUN.ilean -c /content/THE-ERIKSSON-PROGRAMME/.lake/build/ir/YangMills/P8_PhysicalGap/RicciSUN.c --setup /content/THE-ERIKSSON-PROGRAMME/.lake/build/ir/YangMills/P8_PhysicalGap/RicciSUN.setup.json --json",
   "level": "trace"}],
 "inputs":
 [["YangMills.P8_PhysicalGap.RicciSUN:deps",
   [["deps",
     [["YangMills/YangMills:extraDep",
       [["@YangMills:extraDep", "00000000000006bb"]]],
      ["imports",
       [["Mathlib transitive imports (legacy)", "00f202dff5f0ba80"],
        ["Mathlib:importAllArts", "5f5aa85696b12d33"],
        ["YangMills.P8_PhysicalGap.BalabanToLSI transitive imports (legacy)",
         "0cd73f55be94be44"],
        ["YangMills.P8_PhysicalGap.BalabanToLSI:importAllArts",
         "68574e942da1a18b"]]]]],
    ["libs",
     [["import dynlibs", "00000000000006bb"],
      ["package external libraries", "00000000000006bb"],
      ["module dynlibs", "00000000000006bb"],
      ["module plugins", "00000000000006bb"]]]]],
  ["Lean 4.29.0, commit 00659f8e6071d7e46131ed643bf8003b99b044e9",
   "d4ef66a63896cd60"],
  ["/content/THE-ERIKSSON-PROGRAMME/YangMills/P8_PhysicalGap/RicciSUN.lean",
   "7ecb98c1b1c8a690"],
  ["options", "00000000000006bb"],
  ["isModule: false", "feefd2a0d3a1847e"],
  ["Module.name: YangMills.P8_PhysicalGap.RicciSUN", "ede063e088aa8812"],
  ["Package.id?: (some YangMills)", "bb149b95168538d5"],
  ["Module.leanArgs: #[]", "00000000000006bb"]],
 "depHash": "62ba7c8ba822a2fb"}