{"synthetic": false,
 "schemaVersion": "2025-09-10",
 "outputs":
 {"o": ["7b5a1f43d819c4e0.olean"],
  "i": "ba6a1ee638feb2d8.ilean",
  "c": "dc2d38029a4b7c94.c"},
 "log":
 [{"message":
   ".> LEAN_PATH=/content/repo/.lake/packages/Cli/.lake/build/lib/lean:/content/repo/.lake/packages/batteries/.lake/build/lib/lean:/content/repo/.lake/packages/Qq/.lake/build/lib/lean:/content/repo/.lake/packages/aesop/.lake/build/lib/lean:/content/repo/.lake/packages/proofwidgets/.lake/build/lib/lean:/content/repo/.lake/packages/importGraph/.lake/build/lib/lean:/content/repo/.lake/packages/LeanSearchClient/.lake/build/lib/lean:/content/repo/.lake/packages/plausible/.lake/build/lib/lean:/content/repo/.lake/packages/mathlib/.lake/build/lib/lean:/content/repo/.lake/build/lib/lean /root/.elan/toolchains/leanprover--lean4---v4.29.0-rc6/bin/lean /content/repo/YangMills/L8_Terminal/ClayTheorem.lean -o /content/repo/.lake/build/lib/lean/YangMills/L8_Terminal/ClayTheorem.olean -i /content/repo/.lake/build/lib/lean/YangMills/L8_Terminal/ClayTheorem.ilean -c /content/repo/.lake/build/ir/YangMills/L8_Terminal/ClayTheorem.c --setup /content/repo/.lake/build/ir/YangMills/L8_Terminal/ClayTheorem.setup.json --json",
   "level": "trace"},
  {"message":
   "YangMills/L8_Terminal/ClayTheorem.lean:49:5: unused variable `hL6`\n\nNote: This linter can be disabled with `set_option linter.unusedVariables false`",
   "level": "warning"},
  {"message":
   "YangMills/L8_Terminal/ClayTheorem.lean:73:5: unused variable `hInfiniteVolumeMassGap`\n\nNote: This linter can be disabled with `set_option linter.unusedVariables false`",
   "level": "warning"}],
 "inputs":
 [["YangMills.L8_Terminal.ClayTheorem:deps",
   [["deps",
     [["YangMills/YangMills:extraDep",
       [["@YangMills:extraDep", "00000000000006bb"]]],
      ["imports",
       [["YangMills.L5_MassGap.MassGap transitive imports (legacy)",
         "9d0bf9dd4fc0c363"],
        ["YangMills.L5_MassGap.MassGap:importAllArts", "b5effb92b9154742"],
        ["YangMills.L6_FeynmanKac.FeynmanKac transitive imports (legacy)",
         "96c49ad52094b1a7"],
        ["YangMills.L6_FeynmanKac.FeynmanKac:importAllArts",
         "2a3bd173e8417554"],
        ["YangMills.L6_OS.OsterwalderSchrader transitive imports (legacy)",
         "bc2b8c8c60037e8d"],
        ["YangMills.L6_OS.OsterwalderSchrader:importAllArts",
         "e65d390492ef661b"],
        ["YangMills.L7_Continuum.ContinuumLimit transitive imports (legacy)",
         "e912de494621dedf"],
        ["YangMills.L7_Continuum.ContinuumLimit:importAllArts",
         "7d1e35aa48c8a56c"]]]]],
    ["libs",
     [["import dynlibs", "00000000000006bb"],
      ["package external libraries", "00000000000006bb"],
      ["module dynlibs", "00000000000006bb"],
      ["module plugins", "00000000000006bb"]]]]],
  ["Lean 4.29.0, commit 00659f8e6071d7e46131ed643bf8003b99b044e9",
   "d4ef66a63896cd60"],
  ["/content/repo/YangMills/L8_Terminal/ClayTheorem.lean", "9b4f1970083b523d"],
  ["options", "00000000000006bb"],
  ["isModule: false", "feefd2a0d3a1847e"],
  ["Module.name: YangMills.L8_Terminal.ClayTheorem", "e5132ea804cf690f"],
  ["Package.id?: (some YangMills)", "bb149b95168538d5"],
  ["Module.leanArgs: #[]", "00000000000006bb"]],
 "depHash": "3953136ce7930902"}