{"synthetic": false,
 "schemaVersion": "2025-09-10",
 "outputs":
 {"o": ["7094d5d2df5b9f1f.olean"],
  "i": "708df180eb829032.ilean",
  "c": "9dfb2a4c2de5533f.c"},
 "log":
 [{"message":
   ".> LEAN_PATH=/content/repo/.lake/packages/Cli/.lake/build/lib/lean:/content/repo/.lake/packages/batteries/.lake/build/lib/lean:/content/repo/.lake/packages/Qq/.lake/build/lib/lean:/content/repo/.lake/packages/aesop/.lake/build/lib/lean:/content/repo/.lake/packages/proofwidgets/.lake/build/lib/lean:/content/repo/.lake/packages/importGraph/.lake/build/lib/lean:/content/repo/.lake/packages/LeanSearchClient/.lake/build/lib/lean:/content/repo/.lake/packages/plausible/.lake/build/lib/lean:/content/repo/.lake/packages/mathlib/.lake/build/lib/lean:/content/repo/.lake/build/lib/lean /root/.elan/toolchains/leanprover--lean4---v4.29.0-rc6/bin/lean /content/repo/YangMills/L6_FeynmanKac/FeynmanKac.lean -o /content/repo/.lake/build/lib/lean/YangMills/L6_FeynmanKac/FeynmanKac.olean -i /content/repo/.lake/build/lib/lean/YangMills/L6_FeynmanKac/FeynmanKac.ilean -c /content/repo/.lake/build/ir/YangMills/L6_FeynmanKac/FeynmanKac.c --setup /content/repo/.lake/build/ir/YangMills/L6_FeynmanKac/FeynmanKac.setup.json --json",
   "level": "trace"}],
 "inputs":
 [["YangMills.L6_FeynmanKac.FeynmanKac:deps",
   [["deps",
     [["YangMills/YangMills:extraDep",
       [["@YangMills:extraDep", "00000000000006bb"]]],
      ["imports",
       [["Mathlib transitive imports (legacy)", "7a3af43bd648dbee"],
        ["Mathlib:importAllArts", "4aa2e4f9918fd2f2"],
        ["YangMills.L5_MassGap.MassGap transitive imports (legacy)",
         "9d0bf9dd4fc0c363"],
        ["YangMills.L5_MassGap.MassGap:importAllArts", "b5effb92b9154742"]]]]],
    ["libs",
     [["import dynlibs", "00000000000006bb"],
      ["package external libraries", "00000000000006bb"],
      ["module dynlibs", "00000000000006bb"],
      ["module plugins", "00000000000006bb"]]]]],
  ["Lean 4.29.0, commit 00659f8e6071d7e46131ed643bf8003b99b044e9",
   "d4ef66a63896cd60"],
  ["/content/repo/YangMills/L6_FeynmanKac/FeynmanKac.lean", "516003cccdf87a55"],
  ["options", "00000000000006bb"],
  ["isModule: false", "feefd2a0d3a1847e"],
  ["Module.name: YangMills.L6_FeynmanKac.FeynmanKac", "8098a4aa223e1ec8"],
  ["Package.id?: (some YangMills)", "bb149b95168538d5"],
  ["Module.leanArgs: #[]", "00000000000006bb"]],
 "depHash": "a649931b03117566"}