{"synthetic": false,
 "schemaVersion": "2025-09-10",
 "outputs":
 {"o": ["63581a431e70a1c5.olean"],
  "i": "3599fe2fa94684a2.ilean",
  "c": "aa47523cff4cb313.c"},
 "log":
 [{"message":
   ".> LEAN_PATH=/content/THE-ERIKSSON-PROGRAMME/.lake/packages/Cli/.lake/build/lib/lean:/content/THE-ERIKSSON-PROGRAMME/.lake/packages/batteries/.lake/build/lib/lean:/content/THE-ERIKSSON-PROGRAMME/.lake/packages/Qq/.lake/build/lib/lean:/content/THE-ERIKSSON-PROGRAMME/.lake/packages/aesop/.lake/build/lib/lean:/content/THE-ERIKSSON-PROGRAMME/.lake/packages/proofwidgets/.lake/build/lib/lean:/content/THE-ERIKSSON-PROGRAMME/.lake/packages/importGraph/.lake/build/lib/lean:/content/THE-ERIKSSON-PROGRAMME/.lake/packages/LeanSearchClient/.lake/build/lib/lean:/content/THE-ERIKSSON-PROGRAMME/.lake/packages/plausible/.lake/build/lib/lean:/content/THE-ERIKSSON-PROGRAMME/.lake/packages/mathlib/.lake/build/lib/lean:/content/THE-ERIKSSON-PROGRAMME/.lake/build/lib/lean /root/.elan/toolchains/leanprover--lean4---v4.29.0-rc6/bin/lean /content/THE-ERIKSSON-PROGRAMME/YangMills/L1_GibbsMeasure/Correlations.lean -o /content/THE-ERIKSSON-PROGRAMME/.lake/build/lib/lean/YangMills/L1_GibbsMeasure/Correlations.olean -i /content/THE-ERIKSSON-PROGRAMME/.lake/build/lib/lean/YangMills/L1_GibbsMeasure/Correlations.ilean -c /content/THE-ERIKSSON-PROGRAMME/.lake/build/ir/YangMills/L1_GibbsMeasure/Correlations.c --setup /content/THE-ERIKSSON-PROGRAMME/.lake/build/ir/YangMills/L1_GibbsMeasure/Correlations.setup.json --json",
   "level": "trace"}],
 "inputs":
 [["YangMills.L1_GibbsMeasure.Correlations:deps",
   [["deps",
     [["YangMills/YangMills:extraDep",
       [["@YangMills:extraDep", "00000000000006bb"]]],
      ["imports",
       [["YangMills.L1_GibbsMeasure.Expectation transitive imports (legacy)",
         "28f00cba42998afa"],
        ["YangMills.L1_GibbsMeasure.Expectation:importAllArts",
         "f63f67bbe0883e86"]]]]],
    ["libs",
     [["import dynlibs", "00000000000006bb"],
      ["package external libraries", "00000000000006bb"],
      ["module dynlibs", "00000000000006bb"],
      ["module plugins", "00000000000006bb"]]]]],
  ["Lean 4.29.0, commit 00659f8e6071d7e46131ed643bf8003b99b044e9",
   "d4ef66a63896cd60"],
  ["/content/THE-ERIKSSON-PROGRAMME/YangMills/L1_GibbsMeasure/Correlations.lean",
   "cdd1b53a27f86cf4"],
  ["options", "00000000000006bb"],
  ["isModule: false", "feefd2a0d3a1847e"],
  ["Module.name: YangMills.L1_GibbsMeasure.Correlations", "715d04e0ba3ada6e"],
  ["Package.id?: (some YangMills)", "bb149b95168538d5"],
  ["Module.leanArgs: #[]", "00000000000006bb"]],
 "depHash": "cd47485837d175e5"}