{"synthetic": false,
 "schemaVersion": "2025-09-10",
 "outputs":
 {"o": ["eaed64d101d06ab6.olean"],
  "i": "8d0f13752c8040d1.ilean",
  "c": "2356bdc4f0703a5a.c"},
 "log":
 [{"message":
   ".> LEAN_PATH=/content/repo/.lake/packages/Cli/.lake/build/lib/lean:/content/repo/.lake/packages/batteries/.lake/build/lib/lean:/content/repo/.lake/packages/Qq/.lake/build/lib/lean:/content/repo/.lake/packages/aesop/.lake/build/lib/lean:/content/repo/.lake/packages/proofwidgets/.lake/build/lib/lean:/content/repo/.lake/packages/importGraph/.lake/build/lib/lean:/content/repo/.lake/packages/LeanSearchClient/.lake/build/lib/lean:/content/repo/.lake/packages/plausible/.lake/build/lib/lean:/content/repo/.lake/packages/mathlib/.lake/build/lib/lean:/content/repo/.lake/build/lib/lean /root/.elan/toolchains/leanprover--lean4---v4.29.0-rc6/bin/lean /content/repo/YangMills/L1_GibbsMeasure/Expectation.lean -o /content/repo/.lake/build/lib/lean/YangMills/L1_GibbsMeasure/Expectation.olean -i /content/repo/.lake/build/lib/lean/YangMills/L1_GibbsMeasure/Expectation.ilean -c /content/repo/.lake/build/ir/YangMills/L1_GibbsMeasure/Expectation.c --setup /content/repo/.lake/build/ir/YangMills/L1_GibbsMeasure/Expectation.setup.json --json",
   "level": "trace"}],
 "inputs":
 [["YangMills.L1_GibbsMeasure.Expectation:deps",
   [["deps",
     [["YangMills/YangMills:extraDep",
       [["@YangMills:extraDep", "00000000000006bb"]]],
      ["imports",
       [["Mathlib transitive imports (legacy)", "7a3af43bd648dbee"],
        ["Mathlib:importAllArts", "4aa2e4f9918fd2f2"],
        ["YangMills.L1_GibbsMeasure.GibbsMeasure transitive imports (legacy)",
         "2ee3035150a48bf3"],
        ["YangMills.L1_GibbsMeasure.GibbsMeasure:importAllArts",
         "2a6fe0481a550973"]]]]],
    ["libs",
     [["import dynlibs", "00000000000006bb"],
      ["package external libraries", "00000000000006bb"],
      ["module dynlibs", "00000000000006bb"],
      ["module plugins", "00000000000006bb"]]]]],
  ["Lean 4.29.0, commit 00659f8e6071d7e46131ed643bf8003b99b044e9",
   "d4ef66a63896cd60"],
  ["/content/repo/YangMills/L1_GibbsMeasure/Expectation.lean",
   "0a9423322dce72f8"],
  ["options", "00000000000006bb"],
  ["isModule: false", "feefd2a0d3a1847e"],
  ["Module.name: YangMills.L1_GibbsMeasure.Expectation", "e19778dc2e8eec82"],
  ["Package.id?: (some YangMills)", "bb149b95168538d5"],
  ["Module.leanArgs: #[]", "00000000000006bb"]],
 "depHash": "cf36921783cd82f2"}