{"synthetic": false,
 "schemaVersion": "2025-09-10",
 "outputs":
 {"o": ["31169ddee7c170fa.olean"],
  "i": "fbfde6d0e91cd19d.ilean",
  "c": "900c19932456a6aa.c"},
 "log":
 [{"message":
   ".> LEAN_PATH=/content/THE-ERIKSSON-PROGRAMME/.lake/packages/Cli/.lake/build/lib/lean:/content/THE-ERIKSSON-PROGRAMME/.lake/packages/batteries/.lake/build/lib/lean:/content/THE-ERIKSSON-PROGRAMME/.lake/packages/Qq/.lake/build/lib/lean:/content/THE-ERIKSSON-PROGRAMME/.lake/packages/aesop/.lake/build/lib/lean:/content/THE-ERIKSSON-PROGRAMME/.lake/packages/proofwidgets/.lake/build/lib/lean:/content/THE-ERIKSSON-PROGRAMME/.lake/packages/importGraph/.lake/build/lib/lean:/content/THE-ERIKSSON-PROGRAMME/.lake/packages/LeanSearchClient/.lake/build/lib/lean:/content/THE-ERIKSSON-PROGRAMME/.lake/packages/plausible/.lake/build/lib/lean:/content/THE-ERIKSSON-PROGRAMME/.lake/packages/mathlib/.lake/build/lib/lean:/content/THE-ERIKSSON-PROGRAMME/.lake/build/lib/lean /root/.elan/toolchains/leanprover--lean4---v4.29.0-rc6/bin/lean /content/THE-ERIKSSON-PROGRAMME/YangMills/L1_GibbsMeasure/GibbsMeasure.lean -o /content/THE-ERIKSSON-PROGRAMME/.lake/build/lib/lean/YangMills/L1_GibbsMeasure/GibbsMeasure.olean -i /content/THE-ERIKSSON-PROGRAMME/.lake/build/lib/lean/YangMills/L1_GibbsMeasure/GibbsMeasure.ilean -c /content/THE-ERIKSSON-PROGRAMME/.lake/build/ir/YangMills/L1_GibbsMeasure/GibbsMeasure.c --setup /content/THE-ERIKSSON-PROGRAMME/.lake/build/ir/YangMills/L1_GibbsMeasure/GibbsMeasure.setup.json --json",
   "level": "trace"}],
 "inputs":
 [["YangMills.L1_GibbsMeasure.GibbsMeasure:deps",
   [["deps",
     [["YangMills/YangMills:extraDep",
       [["@YangMills:extraDep", "00000000000006bb"]]],
      ["imports",
       [["Mathlib transitive imports (legacy)", "00f202dff5f0ba80"],
        ["Mathlib:importAllArts", "5f5aa85696b12d33"],
        ["YangMills.L0_Lattice.FiniteLattice transitive imports (legacy)",
         "c1a928e29132ce3c"],
        ["YangMills.L0_Lattice.FiniteLattice:importAllArts",
         "22c3380cb9b112e8"],
        ["YangMills.L0_Lattice.GaugeConfigurations transitive imports (legacy)",
         "3f26e802b16bb043"],
        ["YangMills.L0_Lattice.GaugeConfigurations:importAllArts",
         "83caaba0f6b328d5"],
        ["YangMills.L0_Lattice.WilsonAction transitive imports (legacy)",
         "92577a8bcf7bb5a6"],
        ["YangMills.L0_Lattice.WilsonAction:importAllArts", "1a7fbfed5416a1bf"],
        ["YangMills.L0_Lattice.GaugeInvariance transitive imports (legacy)",
         "7b7f0106549e7e9c"],
        ["YangMills.L0_Lattice.GaugeInvariance:importAllArts",
         "0f446183ddf90f19"],
        ["YangMills.L0_Lattice.FiniteLatticeGeometryInstance transitive imports (legacy)",
         "3ac7f9b9d860fb80"],
        ["YangMills.L0_Lattice.FiniteLatticeGeometryInstance:importAllArts",
         "bcbf1fac80e56055"]]]]],
    ["libs",
     [["import dynlibs", "00000000000006bb"],
      ["package external libraries", "00000000000006bb"],
      ["module dynlibs", "00000000000006bb"],
      ["module plugins", "00000000000006bb"]]]]],
  ["Lean 4.29.0, commit 00659f8e6071d7e46131ed643bf8003b99b044e9",
   "d4ef66a63896cd60"],
  ["/content/THE-ERIKSSON-PROGRAMME/YangMills/L1_GibbsMeasure/GibbsMeasure.lean",
   "b42b82acc73ac7e7"],
  ["options", "00000000000006bb"],
  ["isModule: false", "feefd2a0d3a1847e"],
  ["Module.name: YangMills.L1_GibbsMeasure.GibbsMeasure", "9a857467f9fe5fb9"],
  ["Package.id?: (some YangMills)", "bb149b95168538d5"],
  ["Module.leanArgs: #[]", "00000000000006bb"]],
 "depHash": "c68548f74fbe2829"}