{"synthetic": false,
 "schemaVersion": "2025-09-10",
 "outputs":
 {"o": ["8263dbbb26e205c5.olean"],
  "i": "73c80cf01dd3237c.ilean",
  "c": "0606a05479de4d85.c"},
 "log":
 [{"message":
   ".> LEAN_PATH=/content/repo/.lake/packages/Cli/.lake/build/lib/lean:/content/repo/.lake/packages/batteries/.lake/build/lib/lean:/content/repo/.lake/packages/Qq/.lake/build/lib/lean:/content/repo/.lake/packages/aesop/.lake/build/lib/lean:/content/repo/.lake/packages/proofwidgets/.lake/build/lib/lean:/content/repo/.lake/packages/importGraph/.lake/build/lib/lean:/content/repo/.lake/packages/LeanSearchClient/.lake/build/lib/lean:/content/repo/.lake/packages/plausible/.lake/build/lib/lean:/content/repo/.lake/packages/mathlib/.lake/build/lib/lean:/content/repo/.lake/build/lib/lean /root/.elan/toolchains/leanprover--lean4---v4.29.0-rc6/bin/lean /content/repo/YangMills/P2_MaxEntClustering/ClusteringBridge.lean -o /content/repo/.lake/build/lib/lean/YangMills/P2_MaxEntClustering/ClusteringBridge.olean -i /content/repo/.lake/build/lib/lean/YangMills/P2_MaxEntClustering/ClusteringBridge.ilean -c /content/repo/.lake/build/ir/YangMills/P2_MaxEntClustering/ClusteringBridge.c --setup /content/repo/.lake/build/ir/YangMills/P2_MaxEntClustering/ClusteringBridge.setup.json --json",
   "level": "trace"},
  {"message":
   "YangMills/P2_MaxEntClustering/ClusteringBridge.lean:52:18: unused variable `hxi`\n\nNote: This linter can be disabled with `set_option linter.unusedVariables false`",
   "level": "warning"},
  {"message":
   "YangMills/P2_MaxEntClustering/ClusteringBridge.lean:52:33: unused variable `hC`\n\nNote: This linter can be disabled with `set_option linter.unusedVariables false`",
   "level": "warning"},
  {"message":
   "YangMills/P2_MaxEntClustering/ClusteringBridge.lean:74:0: automatically included section variable(s) unused in theorem `YangMills.phase2_infiniteVolume_massGap`:\n  [NeZero d]\n  [NeZero N]\nconsider restructuring your `variable` declarations so that the variables are not in scope or explicitly omit them:\n  omit [NeZero d] [NeZero N] in theorem ...\n\nNote: This linter can be disabled with `set_option linter.unusedSectionVars false`",
   "level": "warning"},
  {"message":
   "YangMills/P2_MaxEntClustering/ClusteringBridge.lean:78:5: unused variable `hex`\n\nNote: This linter can be disabled with `set_option linter.unusedVariables false`",
   "level": "warning"},
  {"message":
   "YangMills/P2_MaxEntClustering/ClusteringBridge.lean:82:5: unused variable `hFR`\n\nNote: This linter can be disabled with `set_option linter.unusedVariables false`",
   "level": "warning"},
  {"message":
   "YangMills/P2_MaxEntClustering/ClusteringBridge.lean:84:18: unused variable `hxi`\n\nNote: This linter can be disabled with `set_option linter.unusedVariables false`",
   "level": "warning"},
  {"message":
   "YangMills/P2_MaxEntClustering/ClusteringBridge.lean:84:33: unused variable `hC`\n\nNote: This linter can be disabled with `set_option linter.unusedVariables false`",
   "level": "warning"},
  {"message":
   "YangMills/P2_MaxEntClustering/ClusteringBridge.lean:86:5: unused variable `hRecovery`\n\nNote: This linter can be disabled with `set_option linter.unusedVariables false`",
   "level": "warning"},
  {"message":
   "YangMills/P2_MaxEntClustering/ClusteringBridge.lean:95:0: automatically included section variable(s) unused in theorem `YangMills.maxEnt_recovery_OS_massGap`:\n  [NeZero d]\n  [NeZero N]\nconsider restructuring your `variable` declarations so that the variables are not in scope or explicitly omit them:\n  omit [NeZero d] [NeZero N] in theorem ...\n\nNote: This linter can be disabled with `set_option linter.unusedSectionVars false`",
   "level": "warning"},
  {"message":
   "YangMills/P2_MaxEntClustering/ClusteringBridge.lean:101:5: unused variable `hbridge`\n\nNote: This linter can be disabled with `set_option linter.unusedVariables false`",
   "level": "warning"},
  {"message":
   "YangMills/P2_MaxEntClustering/ClusteringBridge.lean:104:5: unused variable `hRecovery`\n\nNote: This linter can be disabled with `set_option linter.unusedVariables false`",
   "level": "warning"},
  {"message":
   "YangMills/P2_MaxEntClustering/ClusteringBridge.lean:131:0: automatically included section variable(s) unused in theorem `YangMills.eriksson_phase2_infiniteVolume_massGap`:\n  [NeZero d]\n  [NeZero N]\nconsider restructuring your `variable` declarations so that the variables are not in scope or explicitly omit them:\n  omit [NeZero d] [NeZero N] in theorem ...\n\nNote: This linter can be disabled with `set_option linter.unusedSectionVars false`",
   "level": "warning"},
  {"message":
   "YangMills/P2_MaxEntClustering/ClusteringBridge.lean:137:5: unused variable `hMaxEnt`\n\nNote: This linter can be disabled with `set_option linter.unusedVariables false`",
   "level": "warning"},
  {"message":
   "YangMills/P2_MaxEntClustering/ClusteringBridge.lean:138:5: unused variable `hFR`\n\nNote: This linter can be disabled with `set_option linter.unusedVariables false`",
   "level": "warning"},
  {"message":
   "YangMills/P2_MaxEntClustering/ClusteringBridge.lean:140:18: unused variable `hxi`\n\nNote: This linter can be disabled with `set_option linter.unusedVariables false`",
   "level": "warning"},
  {"message":
   "YangMills/P2_MaxEntClustering/ClusteringBridge.lean:141:5: unused variable `hResultadoA`\n\nNote: This linter can be disabled with `set_option linter.unusedVariables false`",
   "level": "warning"}],
 "inputs":
 [["YangMills.P2_MaxEntClustering.ClusteringBridge:deps",
   [["deps",
     [["YangMills/YangMills:extraDep",
       [["@YangMills:extraDep", "00000000000006bb"]]],
      ["imports",
       [["Mathlib transitive imports (legacy)", "7a3af43bd648dbee"],
        ["Mathlib:importAllArts", "4aa2e4f9918fd2f2"],
        ["YangMills.P2_MaxEntClustering.PetzFidelity transitive imports (legacy)",
         "e912de494621dedf"],
        ["YangMills.P2_MaxEntClustering.PetzFidelity:importAllArts",
         "8d158c020f4c0268"],
        ["YangMills.P2_MaxEntClustering.LocalObservableAlgebras transitive imports (legacy)",
         "94a728b041702adb"],
        ["YangMills.P2_MaxEntClustering.LocalObservableAlgebras:importAllArts",
         "efd782240ac7790a"],
        ["YangMills.P2_MaxEntClustering.MaxEntStates transitive imports (legacy)",
         "2a783cce11546261"],
        ["YangMills.P2_MaxEntClustering.MaxEntStates:importAllArts",
         "ed93d3f2726b4ce4"],
        ["YangMills.P2_MaxEntClustering.RecoveryChannels transitive imports (legacy)",
         "8fc8f2265d8f9897"],
        ["YangMills.P2_MaxEntClustering.RecoveryChannels:importAllArts",
         "c9be0d8ad2fdefaf"],
        ["YangMills.L6_OS.OsterwalderSchrader transitive imports (legacy)",
         "bc2b8c8c60037e8d"],
        ["YangMills.L6_OS.OsterwalderSchrader:importAllArts",
         "e65d390492ef661b"]]]]],
    ["libs",
     [["import dynlibs", "00000000000006bb"],
      ["package external libraries", "00000000000006bb"],
      ["module dynlibs", "00000000000006bb"],
      ["module plugins", "00000000000006bb"]]]]],
  ["Lean 4.29.0, commit 00659f8e6071d7e46131ed643bf8003b99b044e9",
   "d4ef66a63896cd60"],
  ["/content/repo/YangMills/P2_MaxEntClustering/ClusteringBridge.lean",
   "56de9be89f77fbf3"],
  ["options", "00000000000006bb"],
  ["isModule: false", "feefd2a0d3a1847e"],
  ["Module.name: YangMills.P2_MaxEntClustering.ClusteringBridge",
   "c08c144cc6117006"],
  ["Package.id?: (some YangMills)", "bb149b95168538d5"],
  ["Module.leanArgs: #[]", "00000000000006bb"]],
 "depHash": "e7de59dfbfd77d19"}