{"synthetic": false,
 "schemaVersion": "2025-09-10",
 "outputs":
 {"o": ["847241f3f899ed0d.olean"],
  "i": "45c73864735df08a.ilean",
  "c": "cca8f158e5b18468.c"},
 "log":
 [{"message":
   ".> LEAN_PATH=/content/repo/.lake/packages/Cli/.lake/build/lib/lean:/content/repo/.lake/packages/batteries/.lake/build/lib/lean:/content/repo/.lake/packages/Qq/.lake/build/lib/lean:/content/repo/.lake/packages/aesop/.lake/build/lib/lean:/content/repo/.lake/packages/proofwidgets/.lake/build/lib/lean:/content/repo/.lake/packages/importGraph/.lake/build/lib/lean:/content/repo/.lake/packages/LeanSearchClient/.lake/build/lib/lean:/content/repo/.lake/packages/plausible/.lake/build/lib/lean:/content/repo/.lake/packages/mathlib/.lake/build/lib/lean:/content/repo/.lake/build/lib/lean /root/.elan/toolchains/leanprover--lean4---v4.29.0-rc6/bin/lean /content/repo/YangMills/P2_MaxEntClustering/LocalObservableAlgebras.lean -o /content/repo/.lake/build/lib/lean/YangMills/P2_MaxEntClustering/LocalObservableAlgebras.olean -i /content/repo/.lake/build/lib/lean/YangMills/P2_MaxEntClustering/LocalObservableAlgebras.ilean -c /content/repo/.lake/build/ir/YangMills/P2_MaxEntClustering/LocalObservableAlgebras.c --setup /content/repo/.lake/build/ir/YangMills/P2_MaxEntClustering/LocalObservableAlgebras.setup.json --json",
   "level": "trace"},
  {"message":
   "YangMills/P2_MaxEntClustering/LocalObservableAlgebras.lean:48:0: automatically included section variable(s) unused in theorem `YangMills.localAlgebra_isotony`:\n  [NeZero d]\n  [NeZero N]\nconsider restructuring your `variable` declarations so that the variables are not in scope or explicitly omit them:\n  omit [NeZero d] [NeZero N] in theorem ...\n\nNote: This linter can be disabled with `set_option linter.unusedSectionVars false`",
   "level": "warning"},
  {"message":
   "YangMills/P2_MaxEntClustering/LocalObservableAlgebras.lean:50:6: unused variable `f`\n\nNote: This linter can be disabled with `set_option linter.unusedVariables false`",
   "level": "warning"},
  {"message":
   "YangMills/P2_MaxEntClustering/LocalObservableAlgebras.lean:101:6: unused variable `f`\n\nNote: This linter can be disabled with `set_option linter.unusedVariables false`",
   "level": "warning"},
  {"message":
   "YangMills/P2_MaxEntClustering/LocalObservableAlgebras.lean:105:0: automatically included section variable(s) unused in theorem `YangMills.localGaugeInvariantAlgebra_isGaugeInvariant`:\n  [NeZero d]\n  [NeZero N]\nconsider restructuring your `variable` declarations so that the variables are not in scope or explicitly omit them:\n  omit [NeZero d] [NeZero N] in theorem ...\n\nNote: This linter can be disabled with `set_option linter.unusedSectionVars false`",
   "level": "warning"},
  {"message":
   "YangMills/P2_MaxEntClustering/LocalObservableAlgebras.lean:134:0: automatically included section variable(s) unused in theorem `YangMills.agreeOnLocalAlgebra_refl`:\n  [NeZero d]\n  [NeZero N]\nconsider restructuring your `variable` declarations so that the variables are not in scope or explicitly omit them:\n  omit [NeZero d] [NeZero N] in theorem ...\n\nNote: This linter can be disabled with `set_option linter.unusedSectionVars false`",
   "level": "warning"},
  {"message":
   "YangMills/P2_MaxEntClustering/LocalObservableAlgebras.lean:139:0: automatically included section variable(s) unused in theorem `YangMills.agreeOnLocalAlgebra_symm`:\n  [NeZero d]\n  [NeZero N]\nconsider restructuring your `variable` declarations so that the variables are not in scope or explicitly omit them:\n  omit [NeZero d] [NeZero N] in theorem ...\n\nNote: This linter can be disabled with `set_option linter.unusedSectionVars false`",
   "level": "warning"},
  {"message":
   "YangMills/P2_MaxEntClustering/LocalObservableAlgebras.lean:145:0: automatically included section variable(s) unused in theorem `YangMills.agreeOnLocalAlgebra_trans`:\n  [NeZero d]\n  [NeZero N]\nconsider restructuring your `variable` declarations so that the variables are not in scope or explicitly omit them:\n  omit [NeZero d] [NeZero N] in theorem ...\n\nNote: This linter can be disabled with `set_option linter.unusedSectionVars false`",
   "level": "warning"}],
 "inputs":
 [["YangMills.P2_MaxEntClustering.LocalObservableAlgebras:deps",
   [["deps",
     [["YangMills/YangMills:extraDep",
       [["@YangMills:extraDep", "00000000000006bb"]]],
      ["imports",
       [["Mathlib transitive imports (legacy)", "7a3af43bd648dbee"],
        ["Mathlib:importAllArts", "4aa2e4f9918fd2f2"],
        ["YangMills.P2_MaxEntClustering.PetzFidelity transitive imports (legacy)",
         "e912de494621dedf"],
        ["YangMills.P2_MaxEntClustering.PetzFidelity:importAllArts",
         "8d158c020f4c0268"],
        ["YangMills.L0_Lattice.GaugeConfigurations transitive imports (legacy)",
         "acd260bb449331c9"],
        ["YangMills.L0_Lattice.GaugeConfigurations:importAllArts",
         "83caaba0f6b328d5"],
        ["YangMills.L0_Lattice.GaugeInvariance transitive imports (legacy)",
         "9f04d1c507567c1e"],
        ["YangMills.L0_Lattice.GaugeInvariance:importAllArts",
         "0f446183ddf90f19"],
        ["YangMills.L0_Lattice.FiniteLatticeGeometryInstance transitive imports (legacy)",
         "f71f3d56bf766662"],
        ["YangMills.L0_Lattice.FiniteLatticeGeometryInstance:importAllArts",
         "bcbf1fac80e56055"]]]]],
    ["libs",
     [["import dynlibs", "00000000000006bb"],
      ["package external libraries", "00000000000006bb"],
      ["module dynlibs", "00000000000006bb"],
      ["module plugins", "00000000000006bb"]]]]],
  ["Lean 4.29.0, commit 00659f8e6071d7e46131ed643bf8003b99b044e9",
   "d4ef66a63896cd60"],
  ["/content/repo/YangMills/P2_MaxEntClustering/LocalObservableAlgebras.lean",
   "eee5e4cf1eaf6509"],
  ["options", "00000000000006bb"],
  ["isModule: false", "feefd2a0d3a1847e"],
  ["Module.name: YangMills.P2_MaxEntClustering.LocalObservableAlgebras",
   "390f55d326479143"],
  ["Package.id?: (some YangMills)", "bb149b95168538d5"],
  ["Module.leanArgs: #[]", "00000000000006bb"]],
 "depHash": "98b3ce8278e97625"}