{"synthetic": false,
 "schemaVersion": "2025-09-10",
 "outputs":
 {"o": ["497eb17f9c8d878f.olean"],
  "i": "1755f098cfc7ae95.ilean",
  "c": "3a1b8f870d890f96.c"},
 "log":
 [{"message":
   ".> LEAN_PATH=/content/repo/.lake/packages/Cli/.lake/build/lib/lean:/content/repo/.lake/packages/batteries/.lake/build/lib/lean:/content/repo/.lake/packages/Qq/.lake/build/lib/lean:/content/repo/.lake/packages/aesop/.lake/build/lib/lean:/content/repo/.lake/packages/proofwidgets/.lake/build/lib/lean:/content/repo/.lake/packages/importGraph/.lake/build/lib/lean:/content/repo/.lake/packages/LeanSearchClient/.lake/build/lib/lean:/content/repo/.lake/packages/plausible/.lake/build/lib/lean:/content/repo/.lake/packages/mathlib/.lake/build/lib/lean:/content/repo/.lake/build/lib/lean /root/.elan/toolchains/leanprover--lean4---v4.29.0-rc6/bin/lean /content/repo/YangMills/P2_MaxEntClustering/PetzFidelity.lean -o /content/repo/.lake/build/lib/lean/YangMills/P2_MaxEntClustering/PetzFidelity.olean -i /content/repo/.lake/build/lib/lean/YangMills/P2_MaxEntClustering/PetzFidelity.ilean -c /content/repo/.lake/build/ir/YangMills/P2_MaxEntClustering/PetzFidelity.c --setup /content/repo/.lake/build/ir/YangMills/P2_MaxEntClustering/PetzFidelity.setup.json --json",
   "level": "trace"},
  {"message":
   "YangMills/P2_MaxEntClustering/PetzFidelity.lean:101:18: unused variable `hxi`\n\nNote: This linter can be disabled with `set_option linter.unusedVariables false`",
   "level": "warning"},
  {"message":
   "YangMills/P2_MaxEntClustering/PetzFidelity.lean:101:33: unused variable `hC`\n\nNote: This linter can be disabled with `set_option linter.unusedVariables false`",
   "level": "warning"}],
 "inputs":
 [["YangMills.P2_MaxEntClustering.PetzFidelity:deps",
   [["deps",
     [["YangMills/YangMills:extraDep",
       [["@YangMills:extraDep", "00000000000006bb"]]],
      ["imports",
       [["Mathlib transitive imports (legacy)", "7a3af43bd648dbee"],
        ["Mathlib:importAllArts", "4aa2e4f9918fd2f2"],
        ["YangMills.L6_OS.OsterwalderSchrader transitive imports (legacy)",
         "bc2b8c8c60037e8d"],
        ["YangMills.L6_OS.OsterwalderSchrader:importAllArts",
         "e65d390492ef661b"]]]]],
    ["libs",
     [["import dynlibs", "00000000000006bb"],
      ["package external libraries", "00000000000006bb"],
      ["module dynlibs", "00000000000006bb"],
      ["module plugins", "00000000000006bb"]]]]],
  ["Lean 4.29.0, commit 00659f8e6071d7e46131ed643bf8003b99b044e9",
   "d4ef66a63896cd60"],
  ["/content/repo/YangMills/P2_MaxEntClustering/PetzFidelity.lean",
   "76d29fcbaff8e923"],
  ["options", "00000000000006bb"],
  ["isModule: false", "feefd2a0d3a1847e"],
  ["Module.name: YangMills.P2_MaxEntClustering.PetzFidelity",
   "ddd7a2cbdf9092f9"],
  ["Package.id?: (some YangMills)", "bb149b95168538d5"],
  ["Module.leanArgs: #[]", "00000000000006bb"]],
 "depHash": "d5009b5a57baff1c"}