{"synthetic": false,
 "schemaVersion": "2025-09-10",
 "outputs":
 {"o": ["9be725845cf9a698.olean"],
  "i": "a2530aebcd66eba1.ilean",
  "c": "3dcf471d27ce4de8.c"},
 "log":
 [{"message":
   ".> LEAN_PATH=/content/repo/.lake/packages/Cli/.lake/build/lib/lean:/content/repo/.lake/packages/batteries/.lake/build/lib/lean:/content/repo/.lake/packages/Qq/.lake/build/lib/lean:/content/repo/.lake/packages/aesop/.lake/build/lib/lean:/content/repo/.lake/packages/proofwidgets/.lake/build/lib/lean:/content/repo/.lake/packages/importGraph/.lake/build/lib/lean:/content/repo/.lake/packages/LeanSearchClient/.lake/build/lib/lean:/content/repo/.lake/packages/plausible/.lake/build/lib/lean:/content/repo/.lake/packages/mathlib/.lake/build/lib/lean:/content/repo/.lake/build/lib/lean /root/.elan/toolchains/leanprover--lean4---v4.29.0-rc6/bin/lean /content/repo/YangMills/P2_MaxEntClustering/RecoveryChannels.lean -o /content/repo/.lake/build/lib/lean/YangMills/P2_MaxEntClustering/RecoveryChannels.olean -i /content/repo/.lake/build/lib/lean/YangMills/P2_MaxEntClustering/RecoveryChannels.ilean -c /content/repo/.lake/build/ir/YangMills/P2_MaxEntClustering/RecoveryChannels.c --setup /content/repo/.lake/build/ir/YangMills/P2_MaxEntClustering/RecoveryChannels.setup.json --json",
   "level": "trace"},
  {"message":
   "YangMills/P2_MaxEntClustering/RecoveryChannels.lean:93:0: automatically included section variable(s) unused in theorem `YangMills.maxEntBridge_implies_fawziRenner`:\n  [NeZero d]\n  [NeZero N]\nconsider restructuring your `variable` declarations so that the variables are not in scope or explicitly omit them:\n  omit [NeZero d] [NeZero N] in theorem ...\n\nNote: This linter can be disabled with `set_option linter.unusedSectionVars false`",
   "level": "warning"},
  {"message":
   "YangMills/P2_MaxEntClustering/RecoveryChannels.lean:102:0: automatically included section variable(s) unused in theorem `YangMills.maxEntBridge_implies_maxEntExists`:\n  [NeZero d]\n  [NeZero N]\nconsider restructuring your `variable` declarations so that the variables are not in scope or explicitly omit them:\n  omit [NeZero d] [NeZero N] in theorem ...\n\nNote: This linter can be disabled with `set_option linter.unusedSectionVars false`",
   "level": "warning"},
  {"message":
   "YangMills/P2_MaxEntClustering/RecoveryChannels.lean:126:18: unused variable `hxi`\n\nNote: This linter can be disabled with `set_option linter.unusedVariables false`",
   "level": "warning"},
  {"message":
   "YangMills/P2_MaxEntClustering/RecoveryChannels.lean:126:33: unused variable `hC`\n\nNote: This linter can be disabled with `set_option linter.unusedVariables false`",
   "level": "warning"},
  {"message":
   "YangMills/P2_MaxEntClustering/RecoveryChannels.lean:127:5: unused variable `hFR`\n\nNote: This linter can be disabled with `set_option linter.unusedVariables false`",
   "level": "warning"}],
 "inputs":
 [["YangMills.P2_MaxEntClustering.RecoveryChannels:deps",
   [["deps",
     [["YangMills/YangMills:extraDep",
       [["@YangMills:extraDep", "00000000000006bb"]]],
      ["imports",
       [["Mathlib transitive imports (legacy)", "7a3af43bd648dbee"],
        ["Mathlib:importAllArts", "4aa2e4f9918fd2f2"],
        ["YangMills.P2_MaxEntClustering.PetzFidelity transitive imports (legacy)",
         "e912de494621dedf"],
        ["YangMills.P2_MaxEntClustering.PetzFidelity:importAllArts",
         "8d158c020f4c0268"],
        ["YangMills.P2_MaxEntClustering.MaxEntStates transitive imports (legacy)",
         "2a783cce11546261"],
        ["YangMills.P2_MaxEntClustering.MaxEntStates:importAllArts",
         "ed93d3f2726b4ce4"]]]]],
    ["libs",
     [["import dynlibs", "00000000000006bb"],
      ["package external libraries", "00000000000006bb"],
      ["module dynlibs", "00000000000006bb"],
      ["module plugins", "00000000000006bb"]]]]],
  ["Lean 4.29.0, commit 00659f8e6071d7e46131ed643bf8003b99b044e9",
   "d4ef66a63896cd60"],
  ["/content/repo/YangMills/P2_MaxEntClustering/RecoveryChannels.lean",
   "b88b96b112583acd"],
  ["options", "00000000000006bb"],
  ["isModule: false", "feefd2a0d3a1847e"],
  ["Module.name: YangMills.P2_MaxEntClustering.RecoveryChannels",
   "6cbf1dac2ccd7069"],
  ["Package.id?: (some YangMills)", "bb149b95168538d5"],
  ["Module.leanArgs: #[]", "00000000000006bb"]],
 "depHash": "5f9ee7b90ca3661a"}