{"synthetic": false,
 "schemaVersion": "2025-09-10",
 "outputs":
 {"o": ["b6ea4f97b13a0611.olean"],
  "i": "f2f00fbae4da8847.ilean",
  "c": "5fa76434251c7a85.c"},
 "log":
 [{"message":
   ".> LEAN_PATH=/content/repo/.lake/packages/Cli/.lake/build/lib/lean:/content/repo/.lake/packages/batteries/.lake/build/lib/lean:/content/repo/.lake/packages/Qq/.lake/build/lib/lean:/content/repo/.lake/packages/aesop/.lake/build/lib/lean:/content/repo/.lake/packages/proofwidgets/.lake/build/lib/lean:/content/repo/.lake/packages/importGraph/.lake/build/lib/lean:/content/repo/.lake/packages/LeanSearchClient/.lake/build/lib/lean:/content/repo/.lake/packages/plausible/.lake/build/lib/lean:/content/repo/.lake/packages/mathlib/.lake/build/lib/lean:/content/repo/.lake/build/lib/lean /root/.elan/toolchains/leanprover--lean4---v4.29.0-rc6/bin/lean /content/repo/YangMills.lean -o /content/repo/.lake/build/lib/lean/YangMills.olean -i /content/repo/.lake/build/lib/lean/YangMills.ilean -c /content/repo/.lake/build/ir/YangMills.c --setup /content/repo/.lake/build/ir/YangMills.setup.json --json",
   "level": "trace"}],
 "inputs":
 [["YangMills:deps",
   [["deps",
     [["YangMills/YangMills:extraDep",
       [["@YangMills:extraDep", "00000000000006bb"]]],
      ["imports",
       [["YangMills.L0_Lattice.FiniteLattice transitive imports (legacy)",
         "a528f5237ae78551"],
        ["YangMills.L0_Lattice.FiniteLattice:importAllArts",
         "22c3380cb9b112e8"],
        ["YangMills.L0_Lattice.GaugeConfigurations transitive imports (legacy)",
         "acd260bb449331c9"],
        ["YangMills.L0_Lattice.GaugeConfigurations:importAllArts",
         "83caaba0f6b328d5"],
        ["YangMills.L0_Lattice.WilsonAction transitive imports (legacy)",
         "12aef30f67fd7f95"],
        ["YangMills.L0_Lattice.WilsonAction:importAllArts", "1a7fbfed5416a1bf"],
        ["YangMills.L0_Lattice.GaugeInvariance transitive imports (legacy)",
         "9f04d1c507567c1e"],
        ["YangMills.L0_Lattice.GaugeInvariance:importAllArts",
         "0f446183ddf90f19"],
        ["YangMills.L0_Lattice.SU2Basic transitive imports (legacy)",
         "a528f5237ae78551"],
        ["YangMills.L0_Lattice.SU2Basic:importAllArts", "a36d005028abec1d"],
        ["YangMills.L0_Lattice.FiniteLatticeGeometryInstance transitive imports (legacy)",
         "f71f3d56bf766662"],
        ["YangMills.L0_Lattice.FiniteLatticeGeometryInstance:importAllArts",
         "bcbf1fac80e56055"],
        ["YangMills.L1_GibbsMeasure.GibbsMeasure transitive imports (legacy)",
         "2ee3035150a48bf3"],
        ["YangMills.L1_GibbsMeasure.GibbsMeasure:importAllArts",
         "2a6fe0481a550973"],
        ["YangMills.L1_GibbsMeasure.Expectation transitive imports (legacy)",
         "c3c3fda45a290019"],
        ["YangMills.L1_GibbsMeasure.Expectation:importAllArts",
         "f63f67bbe0883e86"],
        ["YangMills.L1_GibbsMeasure.Correlations transitive imports (legacy)",
         "b5a3d1e7d17e0c9b"],
        ["YangMills.L1_GibbsMeasure.Correlations:importAllArts",
         "e722e639f8030986"],
        ["YangMills.L2_Balaban.SmallLargeDecomposition transitive imports (legacy)",
         "ef21b9eaba03a19b"],
        ["YangMills.L2_Balaban.SmallLargeDecomposition:importAllArts",
         "05605de49754a1da"],
        ["YangMills.L2_Balaban.RGFlow transitive imports (legacy)",
         "98b6511a96543c6f"],
        ["YangMills.L2_Balaban.RGFlow:importAllArts", "31b23a3c906026a9"],
        ["YangMills.L2_Balaban.Measurability transitive imports (legacy)",
         "c889de5a6cf15ac7"],
        ["YangMills.L2_Balaban.Measurability:importAllArts",
         "ff870e7d4eff45bf"],
        ["YangMills.L3_RGIteration.BlockSpin transitive imports (legacy)",
         "3afe23632b17fd96"],
        ["YangMills.L3_RGIteration.BlockSpin:importAllArts",
         "ce4aafcf912b35d6"],
        ["YangMills.L3_RGIteration.GaugeInvarianceMeasure transitive imports (legacy)",
         "b6b5b37fe979a768"],
        ["YangMills.L3_RGIteration.GaugeInvarianceMeasure:importAllArts",
         "269aa5e2994c7fbe"],
        ["YangMills.L3_RGIteration.GaugeMeasureInvariance transitive imports (legacy)",
         "13f0ffba9fa0140c"],
        ["YangMills.L3_RGIteration.GaugeMeasureInvariance:importAllArts",
         "f73170e4ee789214"],
        ["YangMills.L4_LargeField.Suppression transitive imports (legacy)",
         "c784c9ee2493850f"],
        ["YangMills.L4_LargeField.Suppression:importAllArts",
         "e7ebc3bbc624641b"],
        ["YangMills.L4_WilsonLoops.WilsonLoop transitive imports (legacy)",
         "10104c3ee2e7a290"],
        ["YangMills.L4_WilsonLoops.WilsonLoop:importAllArts",
         "5a8c9443d289909e"],
        ["YangMills.L4_TransferMatrix.TransferMatrix transitive imports (legacy)",
         "7816f7fecd079492"],
        ["YangMills.L4_TransferMatrix.TransferMatrix:importAllArts",
         "88383bac84968879"],
        ["YangMills.L5_MassGap.MassGap transitive imports (legacy)",
         "9d0bf9dd4fc0c363"],
        ["YangMills.L5_MassGap.MassGap:importAllArts", "b5effb92b9154742"],
        ["YangMills.L6_FeynmanKac.FeynmanKac transitive imports (legacy)",
         "96c49ad52094b1a7"],
        ["YangMills.L6_FeynmanKac.FeynmanKac:importAllArts",
         "2a3bd173e8417554"],
        ["YangMills.L6_OS.OsterwalderSchrader transitive imports (legacy)",
         "bc2b8c8c60037e8d"],
        ["YangMills.L6_OS.OsterwalderSchrader:importAllArts",
         "e65d390492ef661b"],
        ["YangMills.L7_Continuum.ContinuumLimit transitive imports (legacy)",
         "e912de494621dedf"],
        ["YangMills.L7_Continuum.ContinuumLimit:importAllArts",
         "7d1e35aa48c8a56c"],
        ["YangMills.L8_Terminal.ClayTheorem transitive imports (legacy)",
         "73294683850e47fd"],
        ["YangMills.L8_Terminal.ClayTheorem:importAllArts", "93c9a331a471d1f5"],
        ["YangMills.P2_MaxEntClustering.PetzFidelity transitive imports (legacy)",
         "e912de494621dedf"],
        ["YangMills.P2_MaxEntClustering.PetzFidelity:importAllArts",
         "8d158c020f4c0268"],
        ["YangMills.P2_MaxEntClustering.LocalObservableAlgebras transitive imports (legacy)",
         "94a728b041702adb"],
        ["YangMills.P2_MaxEntClustering.LocalObservableAlgebras:importAllArts",
         "efd782240ac7790a"],
        ["YangMills.P2_MaxEntClustering.MaxEntStates transitive imports (legacy)",
         "2a783cce11546261"],
        ["YangMills.P2_MaxEntClustering.MaxEntStates:importAllArts",
         "ed93d3f2726b4ce4"],
        ["YangMills.P2_MaxEntClustering.RecoveryChannels transitive imports (legacy)",
         "8fc8f2265d8f9897"],
        ["YangMills.P2_MaxEntClustering.RecoveryChannels:importAllArts",
         "c9be0d8ad2fdefaf"],
        ["YangMills.P2_MaxEntClustering.ClusteringBridge transitive imports (legacy)",
         "b328816e5a89293e"],
        ["YangMills.P2_MaxEntClustering.ClusteringBridge:importAllArts",
         "ace72ae985416aef"],
        ["YangMills.P3_BalabanRG.CorrelationNorms transitive imports (legacy)",
         "1b33221d90f37713"],
        ["YangMills.P3_BalabanRG.CorrelationNorms:importAllArts",
         "035c963618bc8172"],
        ["YangMills.P3_BalabanRG.CorrelationNorms transitive imports (legacy)",
         "1b33221d90f37713"],
        ["YangMills.P3_BalabanRG.CorrelationNorms:importAllArts",
         "035c963618bc8172"]]]]],
    ["libs",
     [["import dynlibs", "00000000000006bb"],
      ["package external libraries", "00000000000006bb"],
      ["module dynlibs", "00000000000006bb"],
      ["module plugins", "00000000000006bb"]]]]],
  ["Lean 4.29.0, commit 00659f8e6071d7e46131ed643bf8003b99b044e9",
   "d4ef66a63896cd60"],
  ["/content/repo/YangMills.lean", "d993077220ad79db"],
  ["options", "00000000000006bb"],
  ["isModule: false", "feefd2a0d3a1847e"],
  ["Module.name: YangMills", "b6470e3856a3d605"],
  ["Package.id?: (some YangMills)", "bb149b95168538d5"],
  ["Module.leanArgs: #[]", "00000000000006bb"]],
 "depHash": "9f9003e46bc909f1"}