{"synthetic": false,
 "schemaVersion": "2025-09-10",
 "outputs":
 {"o": ["f403f43d03c50e51.olean"],
  "i": "9b8485b3fc345269.ilean",
  "c": "91d0b8cadebd2826.c"},
 "log":
 [{"message":
   ".> LEAN_PATH=/content/repo/.lake/packages/Cli/.lake/build/lib/lean:/content/repo/.lake/packages/batteries/.lake/build/lib/lean:/content/repo/.lake/packages/Qq/.lake/build/lib/lean:/content/repo/.lake/packages/aesop/.lake/build/lib/lean:/content/repo/.lake/packages/proofwidgets/.lake/build/lib/lean:/content/repo/.lake/packages/importGraph/.lake/build/lib/lean:/content/repo/.lake/packages/LeanSearchClient/.lake/build/lib/lean:/content/repo/.lake/packages/plausible/.lake/build/lib/lean:/content/repo/.lake/packages/mathlib/.lake/build/lib/lean:/content/repo/.lake/build/lib/lean /root/.elan/toolchains/leanprover--lean4---v4.29.0-rc6/bin/lean /content/repo/YangMills/L0_Lattice/FiniteLattice.lean -o /content/repo/.lake/build/lib/lean/YangMills/L0_Lattice/FiniteLattice.olean -i /content/repo/.lake/build/lib/lean/YangMills/L0_Lattice/FiniteLattice.ilean -c /content/repo/.lake/build/ir/YangMills/L0_Lattice/FiniteLattice.c --setup /content/repo/.lake/build/ir/YangMills/L0_Lattice/FiniteLattice.setup.json --json",
   "level": "trace"}],
 "inputs":
 [["YangMills.L0_Lattice.FiniteLattice:deps",
   [["deps",
     [["YangMills/YangMills:extraDep",
       [["@YangMills:extraDep", "00000000000006bb"]]],
      ["imports",
       [["Mathlib transitive imports (legacy)", "7a3af43bd648dbee"],
        ["Mathlib:importAllArts", "4aa2e4f9918fd2f2"]]]]],
    ["libs",
     [["import dynlibs", "00000000000006bb"],
      ["package external libraries", "00000000000006bb"],
      ["module dynlibs", "00000000000006bb"],
      ["module plugins", "00000000000006bb"]]]]],
  ["Lean 4.29.0, commit 00659f8e6071d7e46131ed643bf8003b99b044e9",
   "d4ef66a63896cd60"],
  ["/content/repo/YangMills/L0_Lattice/FiniteLattice.lean", "fc35cbc69705f159"],
  ["options", "00000000000006bb"],
  ["isModule: false", "feefd2a0d3a1847e"],
  ["Module.name: YangMills.L0_Lattice.FiniteLattice", "b624ffdc36cf4b1c"],
  ["Package.id?: (some YangMills)", "bb149b95168538d5"],
  ["Module.leanArgs: #[]", "00000000000006bb"]],
 "depHash": "964bf18e38854bff"}