{"synthetic": false,
 "schemaVersion": "2025-09-10",
 "outputs":
 {"o": ["ed227af80ed87981.olean"],
  "i": "0ea56232c6c3163f.ilean",
  "c": "b3e828aa0e9b0d5f.c"},
 "log":
 [{"message":
   ".> LEAN_PATH=/content/repo/.lake/packages/Cli/.lake/build/lib/lean:/content/repo/.lake/packages/batteries/.lake/build/lib/lean:/content/repo/.lake/packages/Qq/.lake/build/lib/lean:/content/repo/.lake/packages/aesop/.lake/build/lib/lean:/content/repo/.lake/packages/proofwidgets/.lake/build/lib/lean:/content/repo/.lake/packages/importGraph/.lake/build/lib/lean:/content/repo/.lake/packages/LeanSearchClient/.lake/build/lib/lean:/content/repo/.lake/packages/plausible/.lake/build/lib/lean:/content/repo/.lake/packages/mathlib/.lake/build/lib/lean:/content/repo/.lake/build/lib/lean /root/.elan/toolchains/leanprover--lean4---v4.29.0-rc6/bin/lean /content/repo/YangMills/L0_Lattice/FiniteLatticeGeometryInstance.lean -o /content/repo/.lake/build/lib/lean/YangMills/L0_Lattice/FiniteLatticeGeometryInstance.olean -i /content/repo/.lake/build/lib/lean/YangMills/L0_Lattice/FiniteLatticeGeometryInstance.ilean -c /content/repo/.lake/build/ir/YangMills/L0_Lattice/FiniteLatticeGeometryInstance.c --setup /content/repo/.lake/build/ir/YangMills/L0_Lattice/FiniteLatticeGeometryInstance.setup.json --json",
   "level": "trace"}],
 "inputs":
 [["YangMills.L0_Lattice.FiniteLatticeGeometryInstance:deps",
   [["deps",
     [["YangMills/YangMills:extraDep",
       [["@YangMills:extraDep", "00000000000006bb"]]],
      ["imports",
       [["Mathlib transitive imports (legacy)", "7a3af43bd648dbee"],
        ["Mathlib:importAllArts", "4aa2e4f9918fd2f2"],
        ["YangMills.L0_Lattice.FiniteLattice transitive imports (legacy)",
         "a528f5237ae78551"],
        ["YangMills.L0_Lattice.FiniteLattice:importAllArts",
         "22c3380cb9b112e8"],
        ["YangMills.L0_Lattice.GaugeConfigurations transitive imports (legacy)",
         "acd260bb449331c9"],
        ["YangMills.L0_Lattice.GaugeConfigurations:importAllArts",
         "83caaba0f6b328d5"],
        ["YangMills.L0_Lattice.WilsonAction transitive imports (legacy)",
         "12aef30f67fd7f95"],
        ["YangMills.L0_Lattice.WilsonAction:importAllArts", "1a7fbfed5416a1bf"],
        ["YangMills.L0_Lattice.GaugeInvariance transitive imports (legacy)",
         "9f04d1c507567c1e"],
        ["YangMills.L0_Lattice.GaugeInvariance:importAllArts",
         "0f446183ddf90f19"]]]]],
    ["libs",
     [["import dynlibs", "00000000000006bb"],
      ["package external libraries", "00000000000006bb"],
      ["module dynlibs", "00000000000006bb"],
      ["module plugins", "00000000000006bb"]]]]],
  ["Lean 4.29.0, commit 00659f8e6071d7e46131ed643bf8003b99b044e9",
   "d4ef66a63896cd60"],
  ["/content/repo/YangMills/L0_Lattice/FiniteLatticeGeometryInstance.lean",
   "c197612c333b90e7"],
  ["options", "00000000000006bb"],
  ["isModule: false", "feefd2a0d3a1847e"],
  ["Module.name: YangMills.L0_Lattice.FiniteLatticeGeometryInstance",
   "5433dcdb5f0958ab"],
  ["Package.id?: (some YangMills)", "bb149b95168538d5"],
  ["Module.leanArgs: #[]", "00000000000006bb"]],
 "depHash": "379606bb09b2aa0c"}