{"synthetic": false,
 "schemaVersion": "2025-09-10",
 "outputs":
 {"o": ["b04061311c515d7c.olean"],
  "i": "b3fbbb3e7530c876.ilean",
  "c": "75f28fe3cde9fc2e.c"},
 "log":
 [{"message":
   ".> LEAN_PATH=/content/THE-ERIKSSON-PROGRAMME/.lake/packages/Cli/.lake/build/lib/lean:/content/THE-ERIKSSON-PROGRAMME/.lake/packages/batteries/.lake/build/lib/lean:/content/THE-ERIKSSON-PROGRAMME/.lake/packages/Qq/.lake/build/lib/lean:/content/THE-ERIKSSON-PROGRAMME/.lake/packages/aesop/.lake/build/lib/lean:/content/THE-ERIKSSON-PROGRAMME/.lake/packages/proofwidgets/.lake/build/lib/lean:/content/THE-ERIKSSON-PROGRAMME/.lake/packages/importGraph/.lake/build/lib/lean:/content/THE-ERIKSSON-PROGRAMME/.lake/packages/LeanSearchClient/.lake/build/lib/lean:/content/THE-ERIKSSON-PROGRAMME/.lake/packages/plausible/.lake/build/lib/lean:/content/THE-ERIKSSON-PROGRAMME/.lake/packages/mathlib/.lake/build/lib/lean:/content/THE-ERIKSSON-PROGRAMME/.lake/build/lib/lean /root/.elan/toolchains/leanprover--lean4---v4.29.0-rc6/bin/lean /content/THE-ERIKSSON-PROGRAMME/YangMills/L0_Lattice/GaugeInvariance.lean -o /content/THE-ERIKSSON-PROGRAMME/.lake/build/lib/lean/YangMills/L0_Lattice/GaugeInvariance.olean -i /content/THE-ERIKSSON-PROGRAMME/.lake/build/lib/lean/YangMills/L0_Lattice/GaugeInvariance.ilean -c /content/THE-ERIKSSON-PROGRAMME/.lake/build/ir/YangMills/L0_Lattice/GaugeInvariance.c --setup /content/THE-ERIKSSON-PROGRAMME/.lake/build/ir/YangMills/L0_Lattice/GaugeInvariance.setup.json --json",
   "level": "trace"}],
 "inputs":
 [["YangMills.L0_Lattice.GaugeInvariance:deps",
   [["deps",
     [["YangMills/YangMills:extraDep",
       [["@YangMills:extraDep", "00000000000006bb"]]],
      ["imports",
       [["YangMills.L0_Lattice.WilsonAction transitive imports (legacy)",
         "92577a8bcf7bb5a6"],
        ["YangMills.L0_Lattice.WilsonAction:importAllArts", "1a7fbfed5416a1bf"],
        ["Mathlib.Algebra.BigOperators.Group.Finset.Basic transitive imports (legacy)",
         "374b0d98a7f8c10d"],
        ["Mathlib.Algebra.BigOperators.Group.Finset.Basic:importAllArts",
         "a5484ea6019475d8"],
        ["Mathlib.Data.Fintype.Basic transitive imports (legacy)",
         "056bb819b9a6307c"],
        ["Mathlib.Data.Fintype.Basic:importAllArts", "0766abed77575120"]]]]],
    ["libs",
     [["import dynlibs", "00000000000006bb"],
      ["package external libraries", "00000000000006bb"],
      ["module dynlibs", "00000000000006bb"],
      ["module plugins", "00000000000006bb"]]]]],
  ["Lean 4.29.0, commit 00659f8e6071d7e46131ed643bf8003b99b044e9",
   "d4ef66a63896cd60"],
  ["/content/THE-ERIKSSON-PROGRAMME/YangMills/L0_Lattice/GaugeInvariance.lean",
   "f60fc196de84491e"],
  ["options", "00000000000006bb"],
  ["isModule: false", "feefd2a0d3a1847e"],
  ["Module.name: YangMills.L0_Lattice.GaugeInvariance", "b2b1138cdb7c808a"],
  ["Package.id?: (some YangMills)", "bb149b95168538d5"],
  ["Module.leanArgs: #[]", "00000000000006bb"]],
 "depHash": "4eab8c71252c05f6"}