{"synthetic": false,
 "schemaVersion": "2025-09-10",
 "outputs":
 {"o": ["3bb5a4d18e209729.olean"],
  "i": "46d1ae3e060ef9a9.ilean",
  "c": "59ecffe38b3d66b0.c"},
 "log":
 [{"message":
   ".> LEAN_PATH=/content/repo/.lake/packages/Cli/.lake/build/lib/lean:/content/repo/.lake/packages/batteries/.lake/build/lib/lean:/content/repo/.lake/packages/Qq/.lake/build/lib/lean:/content/repo/.lake/packages/aesop/.lake/build/lib/lean:/content/repo/.lake/packages/proofwidgets/.lake/build/lib/lean:/content/repo/.lake/packages/importGraph/.lake/build/lib/lean:/content/repo/.lake/packages/LeanSearchClient/.lake/build/lib/lean:/content/repo/.lake/packages/plausible/.lake/build/lib/lean:/content/repo/.lake/packages/mathlib/.lake/build/lib/lean:/content/repo/.lake/build/lib/lean /root/.elan/toolchains/leanprover--lean4---v4.29.0-rc6/bin/lean /content/repo/YangMills/P3_BalabanRG/CorrelationNorms.lean -o /content/repo/.lake/build/lib/lean/YangMills/P3_BalabanRG/CorrelationNorms.olean -i /content/repo/.lake/build/lib/lean/YangMills/P3_BalabanRG/CorrelationNorms.ilean -c /content/repo/.lake/build/ir/YangMills/P3_BalabanRG/CorrelationNorms.c --setup /content/repo/.lake/build/ir/YangMills/P3_BalabanRG/CorrelationNorms.setup.json --json",
   "level": "trace"},
  {"message":
   "YangMills/P3_BalabanRG/CorrelationNorms.lean:59:5: unused variable `μ`\n\nNote: This linter can be disabled with `set_option linter.unusedVariables false`",
   "level": "warning"},
  {"message":
   "YangMills/P3_BalabanRG/CorrelationNorms.lean:59:21: unused variable `plaquetteEnergy`\n\nNote: This linter can be disabled with `set_option linter.unusedVariables false`",
   "level": "warning"},
  {"message":
   "YangMills/P3_BalabanRG/CorrelationNorms.lean:59:47: unused variable `β`\n\nNote: This linter can be disabled with `set_option linter.unusedVariables false`",
   "level": "warning"},
  {"message":
   "YangMills/P3_BalabanRG/CorrelationNorms.lean:60:5: unused variable `F`\n\nNote: This linter can be disabled with `set_option linter.unusedVariables false`",
   "level": "warning"},
  {"message":
   "YangMills/P3_BalabanRG/CorrelationNorms.lean:61:5: unused variable `distP`\n\nNote: This linter can be disabled with `set_option linter.unusedVariables false`",
   "level": "warning"},
  {"message":
   "YangMills/P3_BalabanRG/CorrelationNorms.lean:94:26: unused variable `plaquetteEnergy`\n\nNote: This linter can be disabled with `set_option linter.unusedVariables false`",
   "level": "warning"},
  {"message":
   "YangMills/P3_BalabanRG/CorrelationNorms.lean:113:18: unused variable `hβ`\n\nNote: This linter can be disabled with `set_option linter.unusedVariables false`",
   "level": "warning"}],
 "inputs":
 [["YangMills.P3_BalabanRG.CorrelationNorms:deps",
   [["deps",
     [["YangMills/YangMills:extraDep",
       [["@YangMills:extraDep", "00000000000006bb"]]],
      ["imports",
       [["Mathlib transitive imports (legacy)", "7a3af43bd648dbee"],
        ["Mathlib:importAllArts", "4aa2e4f9918fd2f2"],
        ["YangMills.L4_WilsonLoops.WilsonLoop transitive imports (legacy)",
         "10104c3ee2e7a290"],
        ["YangMills.L4_WilsonLoops.WilsonLoop:importAllArts",
         "5a8c9443d289909e"],
        ["YangMills.L5_MassGap.MassGap transitive imports (legacy)",
         "9d0bf9dd4fc0c363"],
        ["YangMills.L5_MassGap.MassGap:importAllArts", "b5effb92b9154742"],
        ["YangMills.L3_RGIteration.BlockSpin transitive imports (legacy)",
         "3afe23632b17fd96"],
        ["YangMills.L3_RGIteration.BlockSpin:importAllArts",
         "ce4aafcf912b35d6"],
        ["YangMills.L7_Continuum.ContinuumLimit transitive imports (legacy)",
         "e912de494621dedf"],
        ["YangMills.L7_Continuum.ContinuumLimit:importAllArts",
         "7d1e35aa48c8a56c"]]]]],
    ["libs",
     [["import dynlibs", "00000000000006bb"],
      ["package external libraries", "00000000000006bb"],
      ["module dynlibs", "00000000000006bb"],
      ["module plugins", "00000000000006bb"]]]]],
  ["Lean 4.29.0, commit 00659f8e6071d7e46131ed643bf8003b99b044e9",
   "d4ef66a63896cd60"],
  ["/content/repo/YangMills/P3_BalabanRG/CorrelationNorms.lean",
   "57d76df638c2bc40"],
  ["options", "00000000000006bb"],
  ["isModule: false", "feefd2a0d3a1847e"],
  ["Module.name: YangMills.P3_BalabanRG.CorrelationNorms", "4283e34460448887"],
  ["Package.id?: (some YangMills)", "bb149b95168538d5"],
  ["Module.leanArgs: #[]", "00000000000006bb"]],
 "depHash": "395f1ae7457a12f3"}