{"synthetic": false,
 "schemaVersion": "2025-09-10",
 "outputs":
 {"o": ["2c8058ca2adc0aee.olean"],
  "i": "053eb34fc7a9beef.ilean",
  "c": "65a91284be3f07b0.c"},
 "log":
 [{"message":
   ".> LEAN_PATH=/content/repo/.lake/packages/Cli/.lake/build/lib/lean:/content/repo/.lake/packages/batteries/.lake/build/lib/lean:/content/repo/.lake/packages/Qq/.lake/build/lib/lean:/content/repo/.lake/packages/aesop/.lake/build/lib/lean:/content/repo/.lake/packages/proofwidgets/.lake/build/lib/lean:/content/repo/.lake/packages/importGraph/.lake/build/lib/lean:/content/repo/.lake/packages/LeanSearchClient/.lake/build/lib/lean:/content/repo/.lake/packages/plausible/.lake/build/lib/lean:/content/repo/.lake/packages/mathlib/.lake/build/lib/lean:/content/repo/.lake/build/lib/lean /root/.elan/toolchains/leanprover--lean4---v4.29.0-rc6/bin/lean /content/repo/YangMills/P3_BalabanRG/LatticeMassExtraction.lean -o /content/repo/.lake/build/lib/lean/YangMills/P3_BalabanRG/LatticeMassExtraction.olean -i /content/repo/.lake/build/lib/lean/YangMills/P3_BalabanRG/LatticeMassExtraction.ilean -c /content/repo/.lake/build/ir/YangMills/P3_BalabanRG/LatticeMassExtraction.c --setup /content/repo/.lake/build/ir/YangMills/P3_BalabanRG/LatticeMassExtraction.setup.json --json",
   "level": "trace"},
  {"message":
   "YangMills/P3_BalabanRG/LatticeMassExtraction.lean:53:14: unused variable `hdm`\n\nNote: This linter can be disabled with `set_option linter.unusedVariables false`",
   "level": "warning"},
  {"message":
   "YangMills/P3_BalabanRG/LatticeMassExtraction.lean:55:5: unused variable `hinc`\n\nNote: This linter can be disabled with `set_option linter.unusedVariables false`",
   "level": "warning"}],
 "inputs":
 [["YangMills.P3_BalabanRG.LatticeMassExtraction:deps",
   [["deps",
     [["YangMills/YangMills:extraDep",
       [["@YangMills:extraDep", "00000000000006bb"]]],
      ["imports",
       [["Mathlib transitive imports (legacy)", "7a3af43bd648dbee"],
        ["Mathlib:importAllArts", "4aa2e4f9918fd2f2"],
        ["YangMills.P3_BalabanRG.MultiscaleDecay transitive imports (legacy)",
         "ca3c89750ee2bd1e"],
        ["YangMills.P3_BalabanRG.MultiscaleDecay:importAllArts",
         "bfa209c129d0bebe"]]]]],
    ["libs",
     [["import dynlibs", "00000000000006bb"],
      ["package external libraries", "00000000000006bb"],
      ["module dynlibs", "00000000000006bb"],
      ["module plugins", "00000000000006bb"]]]]],
  ["Lean 4.29.0, commit 00659f8e6071d7e46131ed643bf8003b99b044e9",
   "d4ef66a63896cd60"],
  ["/content/repo/YangMills/P3_BalabanRG/LatticeMassExtraction.lean",
   "033b3ae4ccb54589"],
  ["options", "00000000000006bb"],
  ["isModule: false", "feefd2a0d3a1847e"],
  ["Module.name: YangMills.P3_BalabanRG.LatticeMassExtraction",
   "1fd4022b8a594e04"],
  ["Package.id?: (some YangMills)", "bb149b95168538d5"],
  ["Module.leanArgs: #[]", "00000000000006bb"]],
 "depHash": "21851f2d59210736"}