{"synthetic": false,
 "schemaVersion": "2025-09-10",
 "outputs":
 {"o": ["36cfdeb508e44656.olean"],
  "i": "b74d1df5e11aeb47.ilean",
  "c": "e4696e6915194e50.c"},
 "log":
 [{"message":
   ".> LEAN_PATH=/content/repo/.lake/packages/Cli/.lake/build/lib/lean:/content/repo/.lake/packages/batteries/.lake/build/lib/lean:/content/repo/.lake/packages/Qq/.lake/build/lib/lean:/content/repo/.lake/packages/aesop/.lake/build/lib/lean:/content/repo/.lake/packages/proofwidgets/.lake/build/lib/lean:/content/repo/.lake/packages/importGraph/.lake/build/lib/lean:/content/repo/.lake/packages/LeanSearchClient/.lake/build/lib/lean:/content/repo/.lake/packages/plausible/.lake/build/lib/lean:/content/repo/.lake/packages/mathlib/.lake/build/lib/lean:/content/repo/.lake/build/lib/lean /root/.elan/toolchains/leanprover--lean4---v4.29.0-rc6/bin/lean /content/repo/YangMills/P3_BalabanRG/MultiscaleDecay.lean -o /content/repo/.lake/build/lib/lean/YangMills/P3_BalabanRG/MultiscaleDecay.olean -i /content/repo/.lake/build/lib/lean/YangMills/P3_BalabanRG/MultiscaleDecay.ilean -c /content/repo/.lake/build/ir/YangMills/P3_BalabanRG/MultiscaleDecay.c --setup /content/repo/.lake/build/ir/YangMills/P3_BalabanRG/MultiscaleDecay.setup.json --json",
   "level": "trace"},
  {"message":
   "YangMills/P3_BalabanRG/MultiscaleDecay.lean:49:14: unused variable `hdm`\n\nNote: This linter can be disabled with `set_option linter.unusedVariables false`",
   "level": "warning"},
  {"message":
   "YangMills/P3_BalabanRG/MultiscaleDecay.lean:115:14: unused variable `hdm`\n\nNote: This linter can be disabled with `set_option linter.unusedVariables false`",
   "level": "warning"},
  {"message":
   "YangMills/P3_BalabanRG/MultiscaleDecay.lean:117:5: unused variable `hinc`\n\nNote: This linter can be disabled with `set_option linter.unusedVariables false`",
   "level": "warning"}],
 "inputs":
 [["YangMills.P3_BalabanRG.MultiscaleDecay:deps",
   [["deps",
     [["YangMills/YangMills:extraDep",
       [["@YangMills:extraDep", "00000000000006bb"]]],
      ["imports",
       [["Mathlib transitive imports (legacy)", "7a3af43bd648dbee"],
        ["Mathlib:importAllArts", "4aa2e4f9918fd2f2"],
        ["YangMills.P3_BalabanRG.RGContraction transitive imports (legacy)",
         "31c341ca8d876c33"],
        ["YangMills.P3_BalabanRG.RGContraction:importAllArts",
         "b765bed0d7be94d5"]]]]],
    ["libs",
     [["import dynlibs", "00000000000006bb"],
      ["package external libraries", "00000000000006bb"],
      ["module dynlibs", "00000000000006bb"],
      ["module plugins", "00000000000006bb"]]]]],
  ["Lean 4.29.0, commit 00659f8e6071d7e46131ed643bf8003b99b044e9",
   "d4ef66a63896cd60"],
  ["/content/repo/YangMills/P3_BalabanRG/MultiscaleDecay.lean",
   "a4acae04f8a2fdde"],
  ["options", "00000000000006bb"],
  ["isModule: false", "feefd2a0d3a1847e"],
  ["Module.name: YangMills.P3_BalabanRG.MultiscaleDecay", "23713b44fe9be280"],
  ["Package.id?: (some YangMills)", "bb149b95168538d5"],
  ["Module.leanArgs: #[]", "00000000000006bb"]],
 "depHash": "443e543d0d17bd1a"}