{"synthetic": false,
 "schemaVersion": "2025-09-10",
 "outputs":
 {"o": ["4c7a583e831359ac.olean"],
  "i": "43cc6a34cffbea87.ilean",
  "c": "8dbab6355aaee657.c"},
 "log":
 [{"message":
   ".> LEAN_PATH=/content/THE-ERIKSSON-PROGRAMME/.lake/packages/Cli/.lake/build/lib/lean:/content/THE-ERIKSSON-PROGRAMME/.lake/packages/batteries/.lake/build/lib/lean:/content/THE-ERIKSSON-PROGRAMME/.lake/packages/Qq/.lake/build/lib/lean:/content/THE-ERIKSSON-PROGRAMME/.lake/packages/aesop/.lake/build/lib/lean:/content/THE-ERIKSSON-PROGRAMME/.lake/packages/proofwidgets/.lake/build/lib/lean:/content/THE-ERIKSSON-PROGRAMME/.lake/packages/importGraph/.lake/build/lib/lean:/content/THE-ERIKSSON-PROGRAMME/.lake/packages/LeanSearchClient/.lake/build/lib/lean:/content/THE-ERIKSSON-PROGRAMME/.lake/packages/plausible/.lake/build/lib/lean:/content/THE-ERIKSSON-PROGRAMME/.lake/packages/mathlib/.lake/build/lib/lean:/content/THE-ERIKSSON-PROGRAMME/.lake/build/lib/lean /root/.elan/toolchains/leanprover--lean4---v4.29.0-rc6/bin/lean /content/THE-ERIKSSON-PROGRAMME/YangMills/P3_BalabanRG/Phase3Assembly.lean -o /content/THE-ERIKSSON-PROGRAMME/.lake/build/lib/lean/YangMills/P3_BalabanRG/Phase3Assembly.olean -i /content/THE-ERIKSSON-PROGRAMME/.lake/build/lib/lean/YangMills/P3_BalabanRG/Phase3Assembly.ilean -c /content/THE-ERIKSSON-PROGRAMME/.lake/build/ir/YangMills/P3_BalabanRG/Phase3Assembly.c --setup /content/THE-ERIKSSON-PROGRAMME/.lake/build/ir/YangMills/P3_BalabanRG/Phase3Assembly.setup.json --json",
   "level": "trace"}],
 "inputs":
 [["YangMills.P3_BalabanRG.Phase3Assembly:deps",
   [["deps",
     [["YangMills/YangMills:extraDep",
       [["@YangMills:extraDep", "00000000000006bb"]]],
      ["imports",
       [["Mathlib transitive imports (legacy)", "00f202dff5f0ba80"],
        ["Mathlib:importAllArts", "5f5aa85696b12d33"],
        ["YangMills.P3_BalabanRG.LatticeMassExtraction transitive imports (legacy)",
         "03de47e7b7032535"],
        ["YangMills.P3_BalabanRG.LatticeMassExtraction:importAllArts",
         "27c91722989c2548"],
        ["YangMills.L7_Continuum.ContinuumLimit transitive imports (legacy)",
         "104a27bdc6e29ead"],
        ["YangMills.L7_Continuum.ContinuumLimit:importAllArts",
         "7d1e35aa48c8a56c"]]]]],
    ["libs",
     [["import dynlibs", "00000000000006bb"],
      ["package external libraries", "00000000000006bb"],
      ["module dynlibs", "00000000000006bb"],
      ["module plugins", "00000000000006bb"]]]]],
  ["Lean 4.29.0, commit 00659f8e6071d7e46131ed643bf8003b99b044e9",
   "d4ef66a63896cd60"],
  ["/content/THE-ERIKSSON-PROGRAMME/YangMills/P3_BalabanRG/Phase3Assembly.lean",
   "807e6d1949a17d92"],
  ["options", "00000000000006bb"],
  ["isModule: false", "feefd2a0d3a1847e"],
  ["Module.name: YangMills.P3_BalabanRG.Phase3Assembly", "afef714177d7aba7"],
  ["Package.id?: (some YangMills)", "bb149b95168538d5"],
  ["Module.leanArgs: #[]", "00000000000006bb"]],
 "depHash": "ef4541c9bc0ee4b5"}