{"synthetic": false,
 "schemaVersion": "2025-09-10",
 "outputs":
 {"o": ["bf814559bfe9a156.olean"],
  "i": "dd083104a776be23.ilean",
  "c": "1fea075d34aa657f.c"},
 "log":
 [{"message":
   ".> LEAN_PATH=/content/THE-ERIKSSON-PROGRAMME/.lake/packages/Cli/.lake/build/lib/lean:/content/THE-ERIKSSON-PROGRAMME/.lake/packages/batteries/.lake/build/lib/lean:/content/THE-ERIKSSON-PROGRAMME/.lake/packages/Qq/.lake/build/lib/lean:/content/THE-ERIKSSON-PROGRAMME/.lake/packages/aesop/.lake/build/lib/lean:/content/THE-ERIKSSON-PROGRAMME/.lake/packages/proofwidgets/.lake/build/lib/lean:/content/THE-ERIKSSON-PROGRAMME/.lake/packages/importGraph/.lake/build/lib/lean:/content/THE-ERIKSSON-PROGRAMME/.lake/packages/LeanSearchClient/.lake/build/lib/lean:/content/THE-ERIKSSON-PROGRAMME/.lake/packages/plausible/.lake/build/lib/lean:/content/THE-ERIKSSON-PROGRAMME/.lake/packages/mathlib/.lake/build/lib/lean:/content/THE-ERIKSSON-PROGRAMME/.lake/build/lib/lean /root/.elan/toolchains/leanprover--lean4---v4.29.0-rc6/bin/lean /content/THE-ERIKSSON-PROGRAMME/YangMills/P6_AsymptoticFreedom/AsymptoticFreedomDischarge.lean -o /content/THE-ERIKSSON-PROGRAMME/.lake/build/lib/lean/YangMills/P6_AsymptoticFreedom/AsymptoticFreedomDischarge.olean -i /content/THE-ERIKSSON-PROGRAMME/.lake/build/lib/lean/YangMills/P6_AsymptoticFreedom/AsymptoticFreedomDischarge.ilean -c /content/THE-ERIKSSON-PROGRAMME/.lake/build/ir/YangMills/P6_AsymptoticFreedom/AsymptoticFreedomDischarge.c --setup /content/THE-ERIKSSON-PROGRAMME/.lake/build/ir/YangMills/P6_AsymptoticFreedom/AsymptoticFreedomDischarge.setup.json --json",
   "level": "trace"},
  {"message":
   "YangMills/P6_AsymptoticFreedom/AsymptoticFreedomDischarge.lean:40:22: unused variable `hC`\n\nNote: This linter can be disabled with `set_option linter.unusedVariables false`",
   "level": "warning"},
  {"message":
   "YangMills/P6_AsymptoticFreedom/AsymptoticFreedomDischarge.lean:40:35: unused variable `hm`\n\nNote: This linter can be disabled with `set_option linter.unusedVariables false`",
   "level": "warning"},
  {"message":
   "YangMills/P6_AsymptoticFreedom/AsymptoticFreedomDischarge.lean:41:5: unused variable `hKP`\n\nNote: This linter can be disabled with `set_option linter.unusedVariables false`",
   "level": "warning"}],
 "inputs":
 [["YangMills.P6_AsymptoticFreedom.AsymptoticFreedomDischarge:deps",
   [["deps",
     [["YangMills/YangMills:extraDep",
       [["@YangMills:extraDep", "00000000000006bb"]]],
      ["imports",
       [["Mathlib transitive imports (legacy)", "00f202dff5f0ba80"],
        ["Mathlib:importAllArts", "5f5aa85696b12d33"],
        ["YangMills.P4_Continuum.Phase4Assembly transitive imports (legacy)",
         "2739d78a4acb54b5"],
        ["YangMills.P4_Continuum.Phase4Assembly:importAllArts",
         "61d730300d7108d3"],
        ["YangMills.P5_KPDecay.DecayFromRG transitive imports (legacy)",
         "11a088e7555d88c6"],
        ["YangMills.P5_KPDecay.DecayFromRG:importAllArts", "ba326fab92fefac4"],
        ["YangMills.P6_AsymptoticFreedom.CouplingConvergence transitive imports (legacy)",
         "a2f1b5a84cdfb362"],
        ["YangMills.P6_AsymptoticFreedom.CouplingConvergence:importAllArts",
         "845c26b0005088ce"]]]]],
    ["libs",
     [["import dynlibs", "00000000000006bb"],
      ["package external libraries", "00000000000006bb"],
      ["module dynlibs", "00000000000006bb"],
      ["module plugins", "00000000000006bb"]]]]],
  ["Lean 4.29.0, commit 00659f8e6071d7e46131ed643bf8003b99b044e9",
   "d4ef66a63896cd60"],
  ["/content/THE-ERIKSSON-PROGRAMME/YangMills/P6_AsymptoticFreedom/AsymptoticFreedomDischarge.lean",
   "9e7ff96da354f41f"],
  ["options", "00000000000006bb"],
  ["isModule: false", "feefd2a0d3a1847e"],
  ["Module.name: YangMills.P6_AsymptoticFreedom.AsymptoticFreedomDischarge",
   "63882d682491b029"],
  ["Package.id?: (some YangMills)", "bb149b95168538d5"],
  ["Module.leanArgs: #[]", "00000000000006bb"]],
 "depHash": "d2dc76a3cc449f25"}