{"synthetic": false,
 "schemaVersion": "2025-09-10",
 "outputs":
 {"o": ["ed5c65570b202ff6.olean"],
  "i": "f7d7aeeb94df12cf.ilean",
  "c": "e60cd9a20e0bb3bb.c"},
 "log":
 [{"message":
   ".> LEAN_PATH=/content/repo/.lake/packages/Cli/.lake/build/lib/lean:/content/repo/.lake/packages/batteries/.lake/build/lib/lean:/content/repo/.lake/packages/Qq/.lake/build/lib/lean:/content/repo/.lake/packages/aesop/.lake/build/lib/lean:/content/repo/.lake/packages/proofwidgets/.lake/build/lib/lean:/content/repo/.lake/packages/importGraph/.lake/build/lib/lean:/content/repo/.lake/packages/LeanSearchClient/.lake/build/lib/lean:/content/repo/.lake/packages/plausible/.lake/build/lib/lean:/content/repo/.lake/packages/mathlib/.lake/build/lib/lean:/content/repo/.lake/build/lib/lean /root/.elan/toolchains/leanprover--lean4---v4.29.0-rc6/bin/lean /content/repo/YangMills/P6_AsymptoticFreedom/BetaFunction.lean -o /content/repo/.lake/build/lib/lean/YangMills/P6_AsymptoticFreedom/BetaFunction.olean -i /content/repo/.lake/build/lib/lean/YangMills/P6_AsymptoticFreedom/BetaFunction.ilean -c /content/repo/.lake/build/ir/YangMills/P6_AsymptoticFreedom/BetaFunction.c --setup /content/repo/.lake/build/ir/YangMills/P6_AsymptoticFreedom/BetaFunction.setup.json --json",
   "level": "trace"},
  {"message":
   "YangMills/P6_AsymptoticFreedom/BetaFunction.lean:46:4: 'push_cast' tactic does nothing\n\nNote: This linter can be disabled with `set_option linter.unusedTactic false`",
   "level": "warning"},
  {"message":
   "YangMills/P6_AsymptoticFreedom/BetaFunction.lean:94:35: unused variable `hr`\n\nNote: This linter can be disabled with `set_option linter.unusedVariables false`",
   "level": "warning"}],
 "inputs":
 [["YangMills.P6_AsymptoticFreedom.BetaFunction:deps",
   [["deps",
     [["YangMills/YangMills:extraDep",
       [["@YangMills:extraDep", "00000000000006bb"]]],
      ["imports",
       [["Mathlib transitive imports (legacy)", "7a3af43bd648dbee"],
        ["Mathlib:importAllArts", "4aa2e4f9918fd2f2"],
        ["YangMills.P4_Continuum.Phase4Assembly transitive imports (legacy)",
         "6a5290e00c3049d9"],
        ["YangMills.P4_Continuum.Phase4Assembly:importAllArts",
         "61d730300d7108d3"]]]]],
    ["libs",
     [["import dynlibs", "00000000000006bb"],
      ["package external libraries", "00000000000006bb"],
      ["module dynlibs", "00000000000006bb"],
      ["module plugins", "00000000000006bb"]]]]],
  ["Lean 4.29.0, commit 00659f8e6071d7e46131ed643bf8003b99b044e9",
   "d4ef66a63896cd60"],
  ["/content/repo/YangMills/P6_AsymptoticFreedom/BetaFunction.lean",
   "20e8bb19dc85bb7d"],
  ["options", "00000000000006bb"],
  ["isModule: false", "feefd2a0d3a1847e"],
  ["Module.name: YangMills.P6_AsymptoticFreedom.BetaFunction",
   "3656a9caf568649e"],
  ["Package.id?: (some YangMills)", "bb149b95168538d5"],
  ["Module.leanArgs: #[]", "00000000000006bb"]],
 "depHash": "54ed1d11b60405c7"}