{"synthetic": false,
 "schemaVersion": "2025-09-10",
 "outputs":
 {"o": ["312d594ffacaa87d.olean"],
  "i": "8266d38141e569a6.ilean",
  "c": "d4500e2530a36533.c"},
 "log":
 [{"message":
   ".> LEAN_PATH=/content/THE-ERIKSSON-PROGRAMME/.lake/packages/Cli/.lake/build/lib/lean:/content/THE-ERIKSSON-PROGRAMME/.lake/packages/batteries/.lake/build/lib/lean:/content/THE-ERIKSSON-PROGRAMME/.lake/packages/Qq/.lake/build/lib/lean:/content/THE-ERIKSSON-PROGRAMME/.lake/packages/aesop/.lake/build/lib/lean:/content/THE-ERIKSSON-PROGRAMME/.lake/packages/proofwidgets/.lake/build/lib/lean:/content/THE-ERIKSSON-PROGRAMME/.lake/packages/importGraph/.lake/build/lib/lean:/content/THE-ERIKSSON-PROGRAMME/.lake/packages/LeanSearchClient/.lake/build/lib/lean:/content/THE-ERIKSSON-PROGRAMME/.lake/packages/plausible/.lake/build/lib/lean:/content/THE-ERIKSSON-PROGRAMME/.lake/packages/mathlib/.lake/build/lib/lean:/content/THE-ERIKSSON-PROGRAMME/.lake/build/lib/lean /root/.elan/toolchains/leanprover--lean4---v4.29.0-rc6/bin/lean /content/THE-ERIKSSON-PROGRAMME/YangMills/P6_AsymptoticFreedom/CouplingConvergence.lean -o /content/THE-ERIKSSON-PROGRAMME/.lake/build/lib/lean/YangMills/P6_AsymptoticFreedom/CouplingConvergence.olean -i /content/THE-ERIKSSON-PROGRAMME/.lake/build/lib/lean/YangMills/P6_AsymptoticFreedom/CouplingConvergence.ilean -c /content/THE-ERIKSSON-PROGRAMME/.lake/build/ir/YangMills/P6_AsymptoticFreedom/CouplingConvergence.c --setup /content/THE-ERIKSSON-PROGRAMME/.lake/build/ir/YangMills/P6_AsymptoticFreedom/CouplingConvergence.setup.json --json",
   "level": "trace"}],
 "inputs":
 [["YangMills.P6_AsymptoticFreedom.CouplingConvergence:deps",
   [["deps",
     [["YangMills/YangMills:extraDep",
       [["@YangMills:extraDep", "00000000000006bb"]]],
      ["imports",
       [["Mathlib transitive imports (legacy)", "00f202dff5f0ba80"],
        ["Mathlib:importAllArts", "5f5aa85696b12d33"],
        ["YangMills.P6_AsymptoticFreedom.BetaFunction transitive imports (legacy)",
         "cc69ba3193881903"],
        ["YangMills.P6_AsymptoticFreedom.BetaFunction:importAllArts",
         "8e12a808f3cd98fd"]]]]],
    ["libs",
     [["import dynlibs", "00000000000006bb"],
      ["package external libraries", "00000000000006bb"],
      ["module dynlibs", "00000000000006bb"],
      ["module plugins", "00000000000006bb"]]]]],
  ["Lean 4.29.0, commit 00659f8e6071d7e46131ed643bf8003b99b044e9",
   "d4ef66a63896cd60"],
  ["/content/THE-ERIKSSON-PROGRAMME/YangMills/P6_AsymptoticFreedom/CouplingConvergence.lean",
   "16ff67b7c82de46e"],
  ["options", "00000000000006bb"],
  ["isModule: false", "feefd2a0d3a1847e"],
  ["Module.name: YangMills.P6_AsymptoticFreedom.CouplingConvergence",
   "8c48fb55fa476c34"],
  ["Package.id?: (some YangMills)", "bb149b95168538d5"],
  ["Module.leanArgs: #[]", "00000000000006bb"]],
 "depHash": "caef4e0244b5370e"}