{"synthetic": false,
 "schemaVersion": "2025-09-10",
 "outputs":
 {"o": ["0bd3db1da41f48ae.olean"],
  "i": "e5fd11910189ef5e.ilean",
  "c": "8816a22b3de61e2d.c"},
 "log":
 [{"message":
   ".> LEAN_PATH=/content/THE-ERIKSSON-PROGRAMME/.lake/packages/Cli/.lake/build/lib/lean:/content/THE-ERIKSSON-PROGRAMME/.lake/packages/batteries/.lake/build/lib/lean:/content/THE-ERIKSSON-PROGRAMME/.lake/packages/Qq/.lake/build/lib/lean:/content/THE-ERIKSSON-PROGRAMME/.lake/packages/aesop/.lake/build/lib/lean:/content/THE-ERIKSSON-PROGRAMME/.lake/packages/proofwidgets/.lake/build/lib/lean:/content/THE-ERIKSSON-PROGRAMME/.lake/packages/importGraph/.lake/build/lib/lean:/content/THE-ERIKSSON-PROGRAMME/.lake/packages/LeanSearchClient/.lake/build/lib/lean:/content/THE-ERIKSSON-PROGRAMME/.lake/packages/plausible/.lake/build/lib/lean:/content/THE-ERIKSSON-PROGRAMME/.lake/packages/mathlib/.lake/build/lib/lean:/content/THE-ERIKSSON-PROGRAMME/.lake/build/lib/lean /root/.elan/toolchains/leanprover--lean4---v4.29.0-rc6/bin/lean /content/THE-ERIKSSON-PROGRAMME/YangMills/L4_TransferMatrix/TransferMatrix.lean -o /content/THE-ERIKSSON-PROGRAMME/.lake/build/lib/lean/YangMills/L4_TransferMatrix/TransferMatrix.olean -i /content/THE-ERIKSSON-PROGRAMME/.lake/build/lib/lean/YangMills/L4_TransferMatrix/TransferMatrix.ilean -c /content/THE-ERIKSSON-PROGRAMME/.lake/build/ir/YangMills/L4_TransferMatrix/TransferMatrix.c --setup /content/THE-ERIKSSON-PROGRAMME/.lake/build/ir/YangMills/L4_TransferMatrix/TransferMatrix.setup.json --json",
   "level": "trace"},
  {"message":
   "YangMills/L4_TransferMatrix/TransferMatrix.lean:33:0: automatically included section variable(s) unused in theorem `YangMills.transferKernel_nonneg`:\n  [MeasurableSpace G]\nconsider restructuring your `variable` declarations so that the variables are not in scope or explicitly omit them:\n  omit [MeasurableSpace G] in theorem ...\n\nNote: This linter can be disabled with `set_option linter.unusedSectionVars false`",
   "level": "warning"},
  {"message":
   "YangMills/L4_TransferMatrix/TransferMatrix.lean:39:0: automatically included section variable(s) unused in theorem `YangMills.transferKernel_symm`:\n  [MeasurableSpace G]\nconsider restructuring your `variable` declarations so that the variables are not in scope or explicitly omit them:\n  omit [MeasurableSpace G] in theorem ...\n\nNote: This linter can be disabled with `set_option linter.unusedSectionVars false`",
   "level": "warning"}],
 "inputs":
 [["YangMills.L4_TransferMatrix.TransferMatrix:deps",
   [["deps",
     [["YangMills/YangMills:extraDep",
       [["@YangMills:extraDep", "00000000000006bb"]]],
      ["imports",
       [["Mathlib transitive imports (legacy)", "00f202dff5f0ba80"],
        ["Mathlib:importAllArts", "5f5aa85696b12d33"],
        ["YangMills.L0_Lattice.WilsonAction transitive imports (legacy)",
         "92577a8bcf7bb5a6"],
        ["YangMills.L0_Lattice.WilsonAction:importAllArts", "1a7fbfed5416a1bf"],
        ["YangMills.L1_GibbsMeasure.GibbsMeasure transitive imports (legacy)",
         "406ac970876107e9"],
        ["YangMills.L1_GibbsMeasure.GibbsMeasure:importAllArts",
         "2a6fe0481a550973"],
        ["YangMills.L4_WilsonLoops.WilsonLoop transitive imports (legacy)",
         "3849259fb2e217ad"],
        ["YangMills.L4_WilsonLoops.WilsonLoop:importAllArts",
         "5a8c9443d289909e"]]]]],
    ["libs",
     [["import dynlibs", "00000000000006bb"],
      ["package external libraries", "00000000000006bb"],
      ["module dynlibs", "00000000000006bb"],
      ["module plugins", "00000000000006bb"]]]]],
  ["Lean 4.29.0, commit 00659f8e6071d7e46131ed643bf8003b99b044e9",
   "d4ef66a63896cd60"],
  ["/content/THE-ERIKSSON-PROGRAMME/YangMills/L4_TransferMatrix/TransferMatrix.lean",
   "5419140dca8f9114"],
  ["options", "00000000000006bb"],
  ["isModule: false", "feefd2a0d3a1847e"],
  ["Module.name: YangMills.L4_TransferMatrix.TransferMatrix",
   "6172ec83cce20438"],
  ["Package.id?: (some YangMills)", "bb149b95168538d5"],
  ["Module.leanArgs: #[]", "00000000000006bb"]],
 "depHash": "3f834cb882d702bf"}