{"synthetic": false,
 "schemaVersion": "2025-09-10",
 "outputs":
 {"o": ["5cebcdb7396ef0e7.olean"],
  "i": "1ebd92b6f21dcd90.ilean",
  "c": "d4382ef309ed9c12.c"},
 "log":
 [{"message":
   ".> LEAN_PATH=/content/THE-ERIKSSON-PROGRAMME/.lake/packages/Cli/.lake/build/lib/lean:/content/THE-ERIKSSON-PROGRAMME/.lake/packages/batteries/.lake/build/lib/lean:/content/THE-ERIKSSON-PROGRAMME/.lake/packages/Qq/.lake/build/lib/lean:/content/THE-ERIKSSON-PROGRAMME/.lake/packages/aesop/.lake/build/lib/lean:/content/THE-ERIKSSON-PROGRAMME/.lake/packages/proofwidgets/.lake/build/lib/lean:/content/THE-ERIKSSON-PROGRAMME/.lake/packages/importGraph/.lake/build/lib/lean:/content/THE-ERIKSSON-PROGRAMME/.lake/packages/LeanSearchClient/.lake/build/lib/lean:/content/THE-ERIKSSON-PROGRAMME/.lake/packages/plausible/.lake/build/lib/lean:/content/THE-ERIKSSON-PROGRAMME/.lake/packages/mathlib/.lake/build/lib/lean:/content/THE-ERIKSSON-PROGRAMME/.lake/build/lib/lean /root/.elan/toolchains/leanprover--lean4---v4.29.0-rc6/bin/lean /content/THE-ERIKSSON-PROGRAMME/YangMills/L3_RGIteration/BlockSpin.lean -o /content/THE-ERIKSSON-PROGRAMME/.lake/build/lib/lean/YangMills/L3_RGIteration/BlockSpin.olean -i /content/THE-ERIKSSON-PROGRAMME/.lake/build/lib/lean/YangMills/L3_RGIteration/BlockSpin.ilean -c /content/THE-ERIKSSON-PROGRAMME/.lake/build/ir/YangMills/L3_RGIteration/BlockSpin.c --setup /content/THE-ERIKSSON-PROGRAMME/.lake/build/ir/YangMills/L3_RGIteration/BlockSpin.setup.json --json",
   "level": "trace"},
  {"message":
   "YangMills/L3_RGIteration/BlockSpin.lean:41:38: unused variable `hβ`\n\nNote: This linter can be disabled with `set_option linter.unusedVariables false`",
   "level": "warning"},
  {"message":
   "YangMills/L3_RGIteration/BlockSpin.lean:41:69: unused variable `hL`\n\nNote: This linter can be disabled with `set_option linter.unusedVariables false`",
   "level": "warning"},
  {"message":
   "YangMills/L3_RGIteration/BlockSpin.lean:90:0: automatically included section variable(s) unused in theorem `YangMills.rg_iterate_bound`:\n  [Group G]\n  [MeasurableSpace G]\nconsider restructuring your `variable` declarations so that the variables are not in scope or explicitly omit them:\n  omit [Group G] [MeasurableSpace G] in theorem ...\n\nNote: This linter can be disabled with `set_option linter.unusedSectionVars false`",
   "level": "warning"},
  {"message":
   "YangMills/L3_RGIteration/BlockSpin.lean:91:5: unused variable `plaquetteEnergy`\n\nNote: This linter can be disabled with `set_option linter.unusedVariables false`",
   "level": "warning"}],
 "inputs":
 [["YangMills.L3_RGIteration.BlockSpin:deps",
   [["deps",
     [["YangMills/YangMills:extraDep",
       [["@YangMills:extraDep", "00000000000006bb"]]],
      ["imports",
       [["Mathlib transitive imports (legacy)", "00f202dff5f0ba80"],
        ["Mathlib:importAllArts", "5f5aa85696b12d33"],
        ["YangMills.L0_Lattice.FiniteLattice transitive imports (legacy)",
         "c1a928e29132ce3c"],
        ["YangMills.L0_Lattice.FiniteLattice:importAllArts",
         "22c3380cb9b112e8"],
        ["YangMills.L0_Lattice.GaugeConfigurations transitive imports (legacy)",
         "3f26e802b16bb043"],
        ["YangMills.L0_Lattice.GaugeConfigurations:importAllArts",
         "83caaba0f6b328d5"],
        ["YangMills.L0_Lattice.WilsonAction transitive imports (legacy)",
         "92577a8bcf7bb5a6"],
        ["YangMills.L0_Lattice.WilsonAction:importAllArts", "1a7fbfed5416a1bf"],
        ["YangMills.L1_GibbsMeasure.GibbsMeasure transitive imports (legacy)",
         "406ac970876107e9"],
        ["YangMills.L1_GibbsMeasure.GibbsMeasure:importAllArts",
         "2a6fe0481a550973"],
        ["YangMills.L1_GibbsMeasure.Expectation transitive imports (legacy)",
         "28f00cba42998afa"],
        ["YangMills.L1_GibbsMeasure.Expectation:importAllArts",
         "f63f67bbe0883e86"],
        ["YangMills.L2_Balaban.SmallLargeDecomposition transitive imports (legacy)",
         "76e7b32631b9c246"],
        ["YangMills.L2_Balaban.SmallLargeDecomposition:importAllArts",
         "05605de49754a1da"],
        ["YangMills.L2_Balaban.RGFlow transitive imports (legacy)",
         "411135e973c18ab7"],
        ["YangMills.L2_Balaban.RGFlow:importAllArts", "31b23a3c906026a9"],
        ["YangMills.L2_Balaban.Measurability transitive imports (legacy)",
         "c3d68f0d73dbdaf3"],
        ["YangMills.L2_Balaban.Measurability:importAllArts",
         "ff870e7d4eff45bf"]]]]],
    ["libs",
     [["import dynlibs", "00000000000006bb"],
      ["package external libraries", "00000000000006bb"],
      ["module dynlibs", "00000000000006bb"],
      ["module plugins", "00000000000006bb"]]]]],
  ["Lean 4.29.0, commit 00659f8e6071d7e46131ed643bf8003b99b044e9",
   "d4ef66a63896cd60"],
  ["/content/THE-ERIKSSON-PROGRAMME/YangMills/L3_RGIteration/BlockSpin.lean",
   "8ef8d5bd9fbc615b"],
  ["options", "00000000000006bb"],
  ["isModule: false", "feefd2a0d3a1847e"],
  ["Module.name: YangMills.L3_RGIteration.BlockSpin", "0de1890d792979a7"],
  ["Package.id?: (some YangMills)", "bb149b95168538d5"],
  ["Module.leanArgs: #[]", "00000000000006bb"]],
 "depHash": "a0d9e1082420b84b"}