{"synthetic": false,
 "schemaVersion": "2025-09-10",
 "outputs":
 {"o": ["8a0307d2d223244e.olean"],
  "i": "84b9f3527538ebe3.ilean",
  "c": "98fc14c9e9d92cac.c"},
 "log":
 [{"message":
   ".> LEAN_PATH=/content/repo/.lake/packages/Cli/.lake/build/lib/lean:/content/repo/.lake/packages/batteries/.lake/build/lib/lean:/content/repo/.lake/packages/Qq/.lake/build/lib/lean:/content/repo/.lake/packages/aesop/.lake/build/lib/lean:/content/repo/.lake/packages/proofwidgets/.lake/build/lib/lean:/content/repo/.lake/packages/importGraph/.lake/build/lib/lean:/content/repo/.lake/packages/LeanSearchClient/.lake/build/lib/lean:/content/repo/.lake/packages/plausible/.lake/build/lib/lean:/content/repo/.lake/packages/mathlib/.lake/build/lib/lean:/content/repo/.lake/build/lib/lean /root/.elan/toolchains/leanprover--lean4---v4.29.0-rc6/bin/lean /content/repo/YangMills/L3_RGIteration/GaugeInvarianceMeasure.lean -o /content/repo/.lake/build/lib/lean/YangMills/L3_RGIteration/GaugeInvarianceMeasure.olean -i /content/repo/.lake/build/lib/lean/YangMills/L3_RGIteration/GaugeInvarianceMeasure.ilean -c /content/repo/.lake/build/ir/YangMills/L3_RGIteration/GaugeInvarianceMeasure.c --setup /content/repo/.lake/build/ir/YangMills/L3_RGIteration/GaugeInvarianceMeasure.setup.json --json",
   "level": "trace"}],
 "inputs":
 [["YangMills.L3_RGIteration.GaugeInvarianceMeasure:deps",
   [["deps",
     [["YangMills/YangMills:extraDep",
       [["@YangMills:extraDep", "00000000000006bb"]]],
      ["imports",
       [["Mathlib transitive imports (legacy)", "7a3af43bd648dbee"],
        ["Mathlib:importAllArts", "4aa2e4f9918fd2f2"],
        ["YangMills.L0_Lattice.GaugeInvariance transitive imports (legacy)",
         "9f04d1c507567c1e"],
        ["YangMills.L0_Lattice.GaugeInvariance:importAllArts",
         "0f446183ddf90f19"],
        ["YangMills.L1_GibbsMeasure.GibbsMeasure transitive imports (legacy)",
         "2ee3035150a48bf3"],
        ["YangMills.L1_GibbsMeasure.GibbsMeasure:importAllArts",
         "2a6fe0481a550973"]]]]],
    ["libs",
     [["import dynlibs", "00000000000006bb"],
      ["package external libraries", "00000000000006bb"],
      ["module dynlibs", "00000000000006bb"],
      ["module plugins", "00000000000006bb"]]]]],
  ["Lean 4.29.0, commit 00659f8e6071d7e46131ed643bf8003b99b044e9",
   "d4ef66a63896cd60"],
  ["/content/repo/YangMills/L3_RGIteration/GaugeInvarianceMeasure.lean",
   "8e2bd30ddc48e3c8"],
  ["options", "00000000000006bb"],
  ["isModule: false", "feefd2a0d3a1847e"],
  ["Module.name: YangMills.L3_RGIteration.GaugeInvarianceMeasure",
   "b110cecad82fa069"],
  ["Package.id?: (some YangMills)", "bb149b95168538d5"],
  ["Module.leanArgs: #[]", "00000000000006bb"]],
 "depHash": "63b524313ace8859"}