{"synthetic": false,
 "schemaVersion": "2025-09-10",
 "outputs":
 {"o": ["e53ff596ab2b681d.olean"],
  "i": "56230d67807fc06b.ilean",
  "c": "6787aaeb1985466a.c"},
 "log":
 [{"message":
   ".> LEAN_PATH=/content/repo/.lake/packages/Cli/.lake/build/lib/lean:/content/repo/.lake/packages/batteries/.lake/build/lib/lean:/content/repo/.lake/packages/Qq/.lake/build/lib/lean:/content/repo/.lake/packages/aesop/.lake/build/lib/lean:/content/repo/.lake/packages/proofwidgets/.lake/build/lib/lean:/content/repo/.lake/packages/importGraph/.lake/build/lib/lean:/content/repo/.lake/packages/LeanSearchClient/.lake/build/lib/lean:/content/repo/.lake/packages/plausible/.lake/build/lib/lean:/content/repo/.lake/packages/mathlib/.lake/build/lib/lean:/content/repo/.lake/build/lib/lean /root/.elan/toolchains/leanprover--lean4---v4.29.0-rc6/bin/lean /content/repo/YangMills/L3_RGIteration/GaugeMeasureInvariance.lean -o /content/repo/.lake/build/lib/lean/YangMills/L3_RGIteration/GaugeMeasureInvariance.olean -i /content/repo/.lake/build/lib/lean/YangMills/L3_RGIteration/GaugeMeasureInvariance.ilean -c /content/repo/.lake/build/ir/YangMills/L3_RGIteration/GaugeMeasureInvariance.c --setup /content/repo/.lake/build/ir/YangMills/L3_RGIteration/GaugeMeasureInvariance.setup.json --json",
   "level": "trace"},
  {"message":
   "YangMills/L3_RGIteration/GaugeMeasureInvariance.lean:21:8: automatically included section variable(s) unused in theorem `_private.YangMills.L3_RGIteration.GaugeMeasureInvariance.0.YangMills.pi_map_mul_conj`:\n  [NeZero d]\n  [NeZero N]\nconsider restructuring your `variable` declarations so that the variables are not in scope or explicitly omit them:\n  omit [NeZero d] [NeZero N] in theorem ...\n\nNote: This linter can be disabled with `set_option linter.unusedSectionVars false`",
   "level": "warning"}],
 "inputs":
 [["YangMills.L3_RGIteration.GaugeMeasureInvariance:deps",
   [["deps",
     [["YangMills/YangMills:extraDep",
       [["@YangMills:extraDep", "00000000000006bb"]]],
      ["imports",
       [["Mathlib transitive imports (legacy)", "7a3af43bd648dbee"],
        ["Mathlib:importAllArts", "4aa2e4f9918fd2f2"],
        ["YangMills.L0_Lattice.GaugeConfigurations transitive imports (legacy)",
         "acd260bb449331c9"],
        ["YangMills.L0_Lattice.GaugeConfigurations:importAllArts",
         "83caaba0f6b328d5"],
        ["YangMills.L0_Lattice.FiniteLatticeGeometryInstance transitive imports (legacy)",
         "f71f3d56bf766662"],
        ["YangMills.L0_Lattice.FiniteLatticeGeometryInstance:importAllArts",
         "bcbf1fac80e56055"],
        ["YangMills.L1_GibbsMeasure.GibbsMeasure transitive imports (legacy)",
         "2ee3035150a48bf3"],
        ["YangMills.L1_GibbsMeasure.GibbsMeasure:importAllArts",
         "2a6fe0481a550973"]]]]],
    ["libs",
     [["import dynlibs", "00000000000006bb"],
      ["package external libraries", "00000000000006bb"],
      ["module dynlibs", "00000000000006bb"],
      ["module plugins", "00000000000006bb"]]]]],
  ["Lean 4.29.0, commit 00659f8e6071d7e46131ed643bf8003b99b044e9",
   "d4ef66a63896cd60"],
  ["/content/repo/YangMills/L3_RGIteration/GaugeMeasureInvariance.lean",
   "2e45d47e4fc56c86"],
  ["options", "00000000000006bb"],
  ["isModule: false", "feefd2a0d3a1847e"],
  ["Module.name: YangMills.L3_RGIteration.GaugeMeasureInvariance",
   "79b2f4f12c94b36e"],
  ["Package.id?: (some YangMills)", "bb149b95168538d5"],
  ["Module.leanArgs: #[]", "00000000000006bb"]],
 "depHash": "8243bca0cc16f975"}