{"synthetic": false,
 "schemaVersion": "2025-09-10",
 "outputs":
 {"o": ["2858b5008e885cc2.olean"],
  "i": "a44aab27e55a798b.ilean",
  "c": "9fcfeb1be6a59b4a.c"},
 "log":
 [{"message":
   ".> LEAN_PATH=/content/repo/.lake/packages/Cli/.lake/build/lib/lean:/content/repo/.lake/packages/batteries/.lake/build/lib/lean:/content/repo/.lake/packages/Qq/.lake/build/lib/lean:/content/repo/.lake/packages/aesop/.lake/build/lib/lean:/content/repo/.lake/packages/proofwidgets/.lake/build/lib/lean:/content/repo/.lake/packages/importGraph/.lake/build/lib/lean:/content/repo/.lake/packages/LeanSearchClient/.lake/build/lib/lean:/content/repo/.lake/packages/plausible/.lake/build/lib/lean:/content/repo/.lake/packages/mathlib/.lake/build/lib/lean:/content/repo/.lake/build/lib/lean /root/.elan/toolchains/leanprover--lean4---v4.29.0-rc6/bin/lean /content/repo/YangMills/L4_LargeField/Suppression.lean -o /content/repo/.lake/build/lib/lean/YangMills/L4_LargeField/Suppression.olean -i /content/repo/.lake/build/lib/lean/YangMills/L4_LargeField/Suppression.ilean -c /content/repo/.lake/build/ir/YangMills/L4_LargeField/Suppression.c --setup /content/repo/.lake/build/ir/YangMills/L4_LargeField/Suppression.setup.json --json",
   "level": "trace"},
  {"message":
   "YangMills/L4_LargeField/Suppression.lean:34:0: automatically included section variable(s) unused in theorem `YangMills.largeField_integrand_nonneg`:\n  [MeasurableSpace G]\nconsider restructuring your `variable` declarations so that the variables are not in scope or explicitly omit them:\n  omit [MeasurableSpace G] in theorem ...\n\nNote: This linter can be disabled with `set_option linter.unusedSectionVars false`",
   "level": "warning"},
  {"message":
   "YangMills/L4_LargeField/Suppression.lean:77:13: unused variable `hβ`\n\nNote: This linter can be disabled with `set_option linter.unusedVariables false`",
   "level": "warning"},
  {"message":
   "YangMills/L4_LargeField/Suppression.lean:77:42: unused variable `hc`\n\nNote: This linter can be disabled with `set_option linter.unusedVariables false`",
   "level": "warning"}],
 "inputs":
 [["YangMills.L4_LargeField.Suppression:deps",
   [["deps",
     [["YangMills/YangMills:extraDep",
       [["@YangMills:extraDep", "00000000000006bb"]]],
      ["imports",
       [["Mathlib transitive imports (legacy)", "7a3af43bd648dbee"],
        ["Mathlib:importAllArts", "4aa2e4f9918fd2f2"],
        ["YangMills.L0_Lattice.WilsonAction transitive imports (legacy)",
         "12aef30f67fd7f95"],
        ["YangMills.L0_Lattice.WilsonAction:importAllArts", "1a7fbfed5416a1bf"],
        ["YangMills.L1_GibbsMeasure.GibbsMeasure transitive imports (legacy)",
         "2ee3035150a48bf3"],
        ["YangMills.L1_GibbsMeasure.GibbsMeasure:importAllArts",
         "2a6fe0481a550973"]]]]],
    ["libs",
     [["import dynlibs", "00000000000006bb"],
      ["package external libraries", "00000000000006bb"],
      ["module dynlibs", "00000000000006bb"],
      ["module plugins", "00000000000006bb"]]]]],
  ["Lean 4.29.0, commit 00659f8e6071d7e46131ed643bf8003b99b044e9",
   "d4ef66a63896cd60"],
  ["/content/repo/YangMills/L4_LargeField/Suppression.lean",
   "0813564dd1ae1d3c"],
  ["options", "00000000000006bb"],
  ["isModule: false", "feefd2a0d3a1847e"],
  ["Module.name: YangMills.L4_LargeField.Suppression", "ef578ee0d79155db"],
  ["Package.id?: (some YangMills)", "bb149b95168538d5"],
  ["Module.leanArgs: #[]", "00000000000006bb"]],
 "depHash": "990e8b9ff300d98b"}